2023-05-26 10:02:08,897 [Worker-0: Loading available Gradle versions] INFO  o.e.b.c.i.u.g.PublishedGradleVersions - Gradle version information cache is out-of-date. Trying to update.
2023-05-26 10:07:04,094 [Worker-13: Creating project "jenkinsdemo"] INFO  o.e.m.c.i.l.LifecycleMappingFactory - Using org.eclipse.m2e.jdt.JarLifecycleMapping lifecycle mapping for MavenProject: jenkins:jenkinsdemo:0.0.1-SNAPSHOT @ D:\advanced\jenkinsdemo\pom.xml.
2023-05-26 10:07:04,939 [Worker-13: Creating project "jenkinsdemo"] INFO  o.e.m.j.i.AbstractJavaProjectConfigurator - Adding source folder /jenkinsdemo/src/main/java
2023-05-26 10:07:04,942 [Worker-13: Creating project "jenkinsdemo"] INFO  o.e.m.j.i.AbstractJavaProjectConfigurator - Adding resource folder /jenkinsdemo/src/main/resources
2023-05-26 10:07:04,944 [Worker-13: Creating project "jenkinsdemo"] INFO  o.e.m.j.i.AbstractJavaProjectConfigurator - Adding source folder /jenkinsdemo/src/test/java
2023-05-26 10:07:04,945 [Worker-13: Creating project "jenkinsdemo"] INFO  o.e.m.j.i.AbstractJavaProjectConfigurator - Adding resource folder /jenkinsdemo/src/test/resources
2023-05-26 10:07:06,269 [Worker-13: Building] WARN  o.e.m.c.i.embedder.EclipseLogger - Using platform encoding (Cp1252 actually) to copy filtered resources, i.e. build is platform dependent!
2023-05-26 10:07:06,275 [Worker-13: Building] INFO  o.e.m.c.i.embedder.EclipseLogger - Copying 0 resource
2023-05-26 10:07:06,281 [Worker-13: Building] WARN  o.e.m.c.i.embedder.EclipseLogger - Using platform encoding (Cp1252 actually) to copy filtered resources, i.e. build is platform dependent!
2023-05-26 10:07:06,283 [Worker-13: Building] INFO  o.e.m.c.i.embedder.EclipseLogger - Copying 0 resource
2023-05-26 10:15:05,820 [Worker-13: Building] ERROR o.e.m.c.i.p.r.ProjectRegistryManager - File not found: D:\advanced\jenkinsdemo\pom.xml.
org.eclipse.core.internal.resources.ResourceException: File not found: D:\advanced\jenkinsdemo\pom.xml.
	at org.eclipse.core.internal.localstore.FileSystemResourceManager.read(FileSystemResourceManager.java:835)
	at org.eclipse.core.internal.resources.File.getContents(File.java:277)
	at org.eclipse.core.internal.resources.File.getContents(File.java:268)
	at org.eclipse.m2e.core.internal.project.registry.ProjectRegistryManager.refreshPhase2(ProjectRegistryManager.java:572)
	at org.eclipse.m2e.core.internal.project.registry.ProjectRegistryManager.refresh(ProjectRegistryManager.java:474)
	at org.eclipse.m2e.core.internal.project.registry.ProjectRegistryManager.refresh(ProjectRegistryManager.java:360)
	at org.eclipse.m2e.core.internal.project.registry.ProjectRegistryManager.refresh(ProjectRegistryManager.java:313)
	at org.eclipse.m2e.core.internal.builder.MavenBuilder$BuildMethod.getProjectFacade(MavenBuilder.java:149)
	at org.eclipse.m2e.core.internal.builder.MavenBuilder$BuildMethod.lambda$0(MavenBuilder.java:87)
	at org.eclipse.m2e.core.internal.embedder.MavenExecutionContext.executeBare(MavenExecutionContext.java:364)
	at org.eclipse.m2e.core.internal.embedder.MavenExecutionContext.execute(MavenExecutionContext.java:274)
	at org.eclipse.m2e.core.internal.embedder.MavenExecutionContext.execute(MavenExecutionContext.java:213)
	at org.eclipse.m2e.core.internal.builder.MavenBuilder$BuildMethod.execute(MavenBuilder.java:86)
	at org.eclipse.m2e.core.internal.builder.MavenBuilder.build(MavenBuilder.java:196)
	at org.eclipse.core.internal.events.BuildManager$2.run(BuildManager.java:1020)
	at org.eclipse.core.runtime.SafeRunner.run(SafeRunner.java:45)
	at org.eclipse.core.internal.events.BuildManager.basicBuild(BuildManager.java:247)
	at org.eclipse.core.internal.events.BuildManager.basicBuild(BuildManager.java:303)
	at org.eclipse.core.internal.events.BuildManager$1.run(BuildManager.java:392)
	at org.eclipse.core.runtime.SafeRunner.run(SafeRunner.java:45)
	at org.eclipse.core.internal.events.BuildManager.basicBuild(BuildManager.java:395)
	at org.eclipse.core.internal.events.BuildManager.basicBuildLoop(BuildManager.java:506)
	at org.eclipse.core.internal.events.BuildManager.basicBuildLoop(BuildManager.java:454)
	at org.eclipse.core.internal.events.BuildManager.build(BuildManager.java:536)
	at org.eclipse.core.internal.events.AutoBuildJob.doBuild(AutoBuildJob.java:161)
	at org.eclipse.core.internal.events.AutoBuildJob.run(AutoBuildJob.java:255)
	at org.eclipse.core.internal.jobs.Worker.run(Worker.java:63)
Caused by: java.lang.Exception: File not found: D:\advanced\jenkinsdemo\pom.xml.
	at org.eclipse.core.internal.resources.ResourceException.provideStackTrace(ResourceException.java:42)
	at org.eclipse.core.internal.resources.ResourceException.<init>(ResourceException.java:38)
	... 27 common frames omitted
2023-05-31 11:38:24,860 [Worker-4: Loading available Gradle versions] INFO  o.e.b.c.i.u.g.PublishedGradleVersions - Gradle version information cache is out-of-date. Trying to update.
2023-05-31 11:40:32,668 [Worker-11: Creating project "lambdademo"] INFO  o.e.m.c.i.l.LifecycleMappingFactory - Using org.eclipse.m2e.jdt.JarLifecycleMapping lifecycle mapping for MavenProject: lambdademo:lambdademo:0.0.1-SNAPSHOT @ D:\advanced\lambdademo\pom.xml.
2023-05-31 11:40:33,543 [Worker-11: Creating project "lambdademo"] INFO  o.e.m.j.i.AbstractJavaProjectConfigurator - Adding source folder /lambdademo/src/main/java
2023-05-31 11:40:33,546 [Worker-11: Creating project "lambdademo"] INFO  o.e.m.j.i.AbstractJavaProjectConfigurator - Adding resource folder /lambdademo/src/main/resources
2023-05-31 11:40:33,548 [Worker-11: Creating project "lambdademo"] INFO  o.e.m.j.i.AbstractJavaProjectConfigurator - Adding source folder /lambdademo/src/test/java
2023-05-31 11:40:33,548 [Worker-11: Creating project "lambdademo"] INFO  o.e.m.j.i.AbstractJavaProjectConfigurator - Adding resource folder /lambdademo/src/test/resources
2023-05-31 11:40:34,547 [Worker-11: Building] WARN  o.e.m.c.i.embedder.EclipseLogger - Using platform encoding (Cp1252 actually) to copy filtered resources, i.e. build is platform dependent!
2023-05-31 11:40:34,558 [Worker-11: Building] INFO  o.e.m.c.i.embedder.EclipseLogger - Copying 0 resource
2023-05-31 11:40:34,565 [Worker-11: Building] WARN  o.e.m.c.i.embedder.EclipseLogger - Using platform encoding (Cp1252 actually) to copy filtered resources, i.e. build is platform dependent!
2023-05-31 11:40:34,566 [Worker-11: Building] INFO  o.e.m.c.i.embedder.EclipseLogger - Copying 0 resource
2023-05-31 11:41:24,820 [Worker-3: Loading available Gradle versions] INFO  o.e.b.c.i.u.g.PublishedGradleVersions - Gradle version information cache is up-to-date. Trying to read.
2023-05-31 11:45:12,427 [Worker-8: Building] WARN  o.e.m.c.i.embedder.EclipseLogger - Using platform encoding (Cp1252 actually) to copy filtered resources, i.e. build is platform dependent!
2023-05-31 11:45:12,459 [Worker-8: Building] INFO  o.e.m.c.i.embedder.EclipseLogger - Copying 0 resource
2023-05-31 11:45:12,466 [Worker-8: Building] WARN  o.e.m.c.i.embedder.EclipseLogger - Using platform encoding (Cp1252 actually) to copy filtered resources, i.e. build is platform dependent!
2023-05-31 11:45:12,468 [Worker-8: Building] INFO  o.e.m.c.i.embedder.EclipseLogger - Copying 0 resource
2023-05-31 11:45:46,739 [Worker-8: Building] WARN  o.e.m.c.i.embedder.EclipseLogger - Using platform encoding (Cp1252 actually) to copy filtered resources, i.e. build is platform dependent!
2023-05-31 11:45:46,740 [Worker-8: Building] INFO  o.e.m.c.i.embedder.EclipseLogger - Copying 0 resource
2023-05-31 11:45:46,744 [Worker-8: Building] WARN  o.e.m.c.i.embedder.EclipseLogger - Using platform encoding (Cp1252 actually) to copy filtered resources, i.e. build is platform dependent!
2023-05-31 11:45:46,744 [Worker-8: Building] INFO  o.e.m.c.i.embedder.EclipseLogger - Copying 0 resource
2023-05-31 11:45:47,895 [Worker-8: Building] WARN  o.e.m.c.i.embedder.EclipseLogger - Using platform encoding (Cp1252 actually) to copy filtered resources, i.e. build is platform dependent!
2023-05-31 11:45:47,896 [Worker-8: Building] INFO  o.e.m.c.i.embedder.EclipseLogger - Copying 0 resource
2023-05-31 11:45:47,900 [Worker-8: Building] WARN  o.e.m.c.i.embedder.EclipseLogger - Using platform encoding (Cp1252 actually) to copy filtered resources, i.e. build is platform dependent!
2023-05-31 11:45:47,901 [Worker-8: Building] INFO  o.e.m.c.i.embedder.EclipseLogger - Copying 0 resource
2023-05-31 11:48:02,508 [Worker-15: Building] WARN  o.e.m.c.i.embedder.EclipseLogger - Using platform encoding (Cp1252 actually) to copy filtered resources, i.e. build is platform dependent!
2023-05-31 11:48:02,511 [Worker-15: Building] INFO  o.e.m.c.i.embedder.EclipseLogger - Copying 0 resource
2023-05-31 11:48:02,513 [Worker-15: Building] WARN  o.e.m.c.i.embedder.EclipseLogger - Using platform encoding (Cp1252 actually) to copy filtered resources, i.e. build is platform dependent!
2023-05-31 11:48:02,513 [Worker-15: Building] INFO  o.e.m.c.i.embedder.EclipseLogger - Copying 0 resource
2023-05-31 14:39:06,159 [Worker-19: Updating Maven Dependencies] INFO  o.e.m.c.i.l.LifecycleMappingFactory - Using org.eclipse.m2e.jdt.JarLifecycleMapping lifecycle mapping for MavenProject: com.ust.rest:rest-app:0.0.1-SNAPSHOT @ D:\module3\mvc\Firstrestmysqljpa\pom.xml.
2023-05-31 14:39:09,499 [Worker-22: Building] INFO  o.e.m.c.i.embedder.EclipseLogger - Using 'UTF-8' encoding to copy filtered resources.
2023-05-31 14:39:09,499 [Worker-22: Building] INFO  o.e.m.c.i.embedder.EclipseLogger - Using 'UTF-8' encoding to copy filtered properties files.
2023-05-31 14:39:09,500 [Worker-22: Building] INFO  o.e.m.c.i.embedder.EclipseLogger - Copying 1 resource
2023-05-31 14:39:09,536 [Worker-22: Building] INFO  o.e.m.c.i.embedder.EclipseLogger - Copying 0 resource
2023-05-31 14:39:09,541 [Worker-22: Building] INFO  o.e.m.c.i.embedder.EclipseLogger - Using 'UTF-8' encoding to copy filtered resources.
2023-05-31 14:39:09,541 [Worker-22: Building] INFO  o.e.m.c.i.embedder.EclipseLogger - Using 'UTF-8' encoding to copy filtered properties files.
2023-05-31 14:39:09,541 [Worker-22: Building] INFO  o.e.m.c.i.embedder.EclipseLogger - skip non existing resourceDirectory D:\module3\mvc\Firstrestmysqljpa\src\test\resources
2023-05-31 14:43:26,883 [Worker-25: Building] INFO  o.e.m.c.i.embedder.EclipseLogger - Using 'UTF-8' encoding to copy filtered resources.
2023-05-31 14:43:26,883 [Worker-25: Building] INFO  o.e.m.c.i.embedder.EclipseLogger - Using 'UTF-8' encoding to copy filtered properties files.
2023-05-31 14:43:26,886 [Worker-25: Building] INFO  o.e.m.c.i.embedder.EclipseLogger - Copying 1 resource
2023-05-31 14:43:26,993 [Worker-25: Building] INFO  o.e.m.c.i.embedder.EclipseLogger - Copying 0 resource
2023-05-31 14:43:26,999 [Worker-25: Building] INFO  o.e.m.c.i.embedder.EclipseLogger - Using 'UTF-8' encoding to copy filtered resources.
2023-05-31 14:43:26,999 [Worker-25: Building] INFO  o.e.m.c.i.embedder.EclipseLogger - Using 'UTF-8' encoding to copy filtered properties files.
2023-05-31 14:43:26,999 [Worker-25: Building] INFO  o.e.m.c.i.embedder.EclipseLogger - skip non existing resourceDirectory D:\module3\mvc\Firstrestmysqljpa\src\test\resources
2023-05-31 14:43:34,850 [Worker-17: Building] INFO  o.e.m.c.i.embedder.EclipseLogger - Using 'UTF-8' encoding to copy filtered resources.
2023-05-31 14:43:34,850 [Worker-17: Building] INFO  o.e.m.c.i.embedder.EclipseLogger - Using 'UTF-8' encoding to copy filtered properties files.
2023-05-31 14:43:34,850 [Worker-17: Building] INFO  o.e.m.c.i.embedder.EclipseLogger - Copying 1 resource
2023-05-31 14:43:34,942 [Worker-17: Building] INFO  o.e.m.c.i.embedder.EclipseLogger - Copying 0 resource
2023-05-31 14:43:34,947 [Worker-17: Building] INFO  o.e.m.c.i.embedder.EclipseLogger - Using 'UTF-8' encoding to copy filtered resources.
2023-05-31 14:43:34,947 [Worker-17: Building] INFO  o.e.m.c.i.embedder.EclipseLogger - Using 'UTF-8' encoding to copy filtered properties files.
2023-05-31 14:43:34,947 [Worker-17: Building] INFO  o.e.m.c.i.embedder.EclipseLogger - skip non existing resourceDirectory D:\module3\mvc\Firstrestmysqljpa\src\test\resources
2023-05-31 14:45:43,589 [Worker-22: Building] INFO  o.e.m.c.i.embedder.EclipseLogger - Using 'UTF-8' encoding to copy filtered resources.
2023-05-31 14:45:43,589 [Worker-22: Building] INFO  o.e.m.c.i.embedder.EclipseLogger - Using 'UTF-8' encoding to copy filtered properties files.
2023-05-31 14:45:43,590 [Worker-22: Building] INFO  o.e.m.c.i.embedder.EclipseLogger - Copying 1 resource
2023-05-31 14:45:43,677 [Worker-22: Building] INFO  o.e.m.c.i.embedder.EclipseLogger - Copying 0 resource
2023-05-31 14:45:43,681 [Worker-22: Building] INFO  o.e.m.c.i.embedder.EclipseLogger - Using 'UTF-8' encoding to copy filtered resources.
2023-05-31 14:45:43,681 [Worker-22: Building] INFO  o.e.m.c.i.embedder.EclipseLogger - Using 'UTF-8' encoding to copy filtered properties files.
2023-05-31 14:45:43,681 [Worker-22: Building] INFO  o.e.m.c.i.embedder.EclipseLogger - skip non existing resourceDirectory D:\module3\mvc\Firstrestmysqljpa\src\test\resources
2023-05-31 14:47:26,139 [Worker-26: Building] INFO  o.e.m.c.i.embedder.EclipseLogger - Using 'UTF-8' encoding to copy filtered resources.
2023-05-31 14:47:26,139 [Worker-26: Building] INFO  o.e.m.c.i.embedder.EclipseLogger - Using 'UTF-8' encoding to copy filtered properties files.
2023-05-31 14:47:26,140 [Worker-26: Building] INFO  o.e.m.c.i.embedder.EclipseLogger - Copying 1 resource
2023-05-31 14:47:26,143 [Worker-26: Building] INFO  o.e.m.c.i.embedder.EclipseLogger - Copying 0 resource
2023-05-31 14:47:26,148 [Worker-26: Building] INFO  o.e.m.c.i.embedder.EclipseLogger - Using 'UTF-8' encoding to copy filtered resources.
2023-05-31 14:47:26,148 [Worker-26: Building] INFO  o.e.m.c.i.embedder.EclipseLogger - Using 'UTF-8' encoding to copy filtered properties files.
2023-05-31 14:47:26,148 [Worker-26: Building] INFO  o.e.m.c.i.embedder.EclipseLogger - skip non existing resourceDirectory D:\module3\mvc\Firstrestmysqljpa\src\test\resources
2023-05-31 14:47:45,850 [Worker-26: Building] INFO  o.e.m.c.i.embedder.EclipseLogger - Using 'UTF-8' encoding to copy filtered resources.
2023-05-31 14:47:45,850 [Worker-26: Building] INFO  o.e.m.c.i.embedder.EclipseLogger - Using 'UTF-8' encoding to copy filtered properties files.
2023-05-31 14:47:45,850 [Worker-26: Building] INFO  o.e.m.c.i.embedder.EclipseLogger - Copying 1 resource
2023-05-31 14:47:45,852 [Worker-26: Building] INFO  o.e.m.c.i.embedder.EclipseLogger - Copying 0 resource
2023-05-31 14:47:45,856 [Worker-26: Building] INFO  o.e.m.c.i.embedder.EclipseLogger - Using 'UTF-8' encoding to copy filtered resources.
2023-05-31 14:47:45,856 [Worker-26: Building] INFO  o.e.m.c.i.embedder.EclipseLogger - Using 'UTF-8' encoding to copy filtered properties files.
2023-05-31 14:47:45,856 [Worker-26: Building] INFO  o.e.m.c.i.embedder.EclipseLogger - skip non existing resourceDirectory D:\module3\mvc\Firstrestmysqljpa\src\test\resources
2023-05-31 14:48:06,348 [Worker-22: Building] INFO  o.e.m.c.i.embedder.EclipseLogger - Using 'UTF-8' encoding to copy filtered resources.
2023-05-31 14:48:06,348 [Worker-22: Building] INFO  o.e.m.c.i.embedder.EclipseLogger - Using 'UTF-8' encoding to copy filtered properties files.
2023-05-31 14:48:06,349 [Worker-22: Building] INFO  o.e.m.c.i.embedder.EclipseLogger - Copying 1 resource
2023-05-31 14:48:06,352 [Worker-22: Building] INFO  o.e.m.c.i.embedder.EclipseLogger - Copying 0 resource
2023-05-31 14:48:06,356 [Worker-22: Building] INFO  o.e.m.c.i.embedder.EclipseLogger - Using 'UTF-8' encoding to copy filtered resources.
2023-05-31 14:48:06,356 [Worker-22: Building] INFO  o.e.m.c.i.embedder.EclipseLogger - Using 'UTF-8' encoding to copy filtered properties files.
2023-05-31 14:48:06,356 [Worker-22: Building] INFO  o.e.m.c.i.embedder.EclipseLogger - skip non existing resourceDirectory D:\module3\mvc\Firstrestmysqljpa\src\test\resources
2023-05-31 14:57:26,242 [Worker-29: Building] INFO  o.e.m.c.i.embedder.EclipseLogger - Using 'UTF-8' encoding to copy filtered resources.
2023-05-31 14:57:26,242 [Worker-29: Building] INFO  o.e.m.c.i.embedder.EclipseLogger - Using 'UTF-8' encoding to copy filtered properties files.
2023-05-31 14:57:26,242 [Worker-29: Building] INFO  o.e.m.c.i.embedder.EclipseLogger - Copying 1 resource
2023-05-31 14:57:26,290 [Worker-29: Building] INFO  o.e.m.c.i.embedder.EclipseLogger - Using 'UTF-8' encoding to copy filtered resources.
2023-05-31 14:57:26,290 [Worker-29: Building] INFO  o.e.m.c.i.embedder.EclipseLogger - Using 'UTF-8' encoding to copy filtered properties files.
2023-05-31 14:57:26,290 [Worker-29: Building] INFO  o.e.m.c.i.embedder.EclipseLogger - skip non existing resourceDirectory D:\module3\mvc\Firstrestmysqljpa\src\test\resources
2023-05-31 14:57:54,635 [Worker-27: Building] INFO  o.e.m.c.i.embedder.EclipseLogger - Using 'UTF-8' encoding to copy filtered resources.
2023-05-31 14:57:54,636 [Worker-27: Building] INFO  o.e.m.c.i.embedder.EclipseLogger - Using 'UTF-8' encoding to copy filtered properties files.
2023-05-31 14:57:54,636 [Worker-27: Building] INFO  o.e.m.c.i.embedder.EclipseLogger - Copying 1 resource
2023-05-31 14:57:54,665 [Worker-27: Building] INFO  o.e.m.c.i.embedder.EclipseLogger - Using 'UTF-8' encoding to copy filtered resources.
2023-05-31 14:57:54,665 [Worker-27: Building] INFO  o.e.m.c.i.embedder.EclipseLogger - Using 'UTF-8' encoding to copy filtered properties files.
2023-05-31 14:57:54,665 [Worker-27: Building] INFO  o.e.m.c.i.embedder.EclipseLogger - skip non existing resourceDirectory D:\module3\mvc\Firstrestmysqljpa\src\test\resources
2023-05-31 14:58:24,000 [Worker-28: Building] INFO  o.e.m.c.i.embedder.EclipseLogger - Using 'UTF-8' encoding to copy filtered resources.
2023-05-31 14:58:24,000 [Worker-28: Building] INFO  o.e.m.c.i.embedder.EclipseLogger - Using 'UTF-8' encoding to copy filtered properties files.
2023-05-31 14:58:24,000 [Worker-28: Building] INFO  o.e.m.c.i.embedder.EclipseLogger - Copying 1 resource
2023-05-31 14:58:24,021 [Worker-28: Building] INFO  o.e.m.c.i.embedder.EclipseLogger - Using 'UTF-8' encoding to copy filtered resources.
2023-05-31 14:58:24,022 [Worker-28: Building] INFO  o.e.m.c.i.embedder.EclipseLogger - Using 'UTF-8' encoding to copy filtered properties files.
2023-05-31 14:58:24,022 [Worker-28: Building] INFO  o.e.m.c.i.embedder.EclipseLogger - skip non existing resourceDirectory D:\module3\mvc\Firstrestmysqljpa\src\test\resources
2023-05-31 15:06:54,191 [Worker-27: Building] INFO  o.e.m.c.i.embedder.EclipseLogger - Using 'UTF-8' encoding to copy filtered resources.
2023-05-31 15:06:54,191 [Worker-27: Building] INFO  o.e.m.c.i.embedder.EclipseLogger - Using 'UTF-8' encoding to copy filtered properties files.
2023-05-31 15:06:54,192 [Worker-27: Building] INFO  o.e.m.c.i.embedder.EclipseLogger - Copying 1 resource
2023-05-31 15:06:54,228 [Worker-27: Building] INFO  o.e.m.c.i.embedder.EclipseLogger - Copying 0 resource
2023-05-31 15:06:54,232 [Worker-27: Building] INFO  o.e.m.c.i.embedder.EclipseLogger - Using 'UTF-8' encoding to copy filtered resources.
2023-05-31 15:06:54,232 [Worker-27: Building] INFO  o.e.m.c.i.embedder.EclipseLogger - Using 'UTF-8' encoding to copy filtered properties files.
2023-05-31 15:06:54,232 [Worker-27: Building] INFO  o.e.m.c.i.embedder.EclipseLogger - skip non existing resourceDirectory D:\module3\mvc\Firstrestmysqljpa\src\test\resources
2023-05-31 15:08:32,601 [Worker-30: Building] INFO  o.e.m.c.i.embedder.EclipseLogger - Using 'UTF-8' encoding to copy filtered resources.
2023-05-31 15:08:32,601 [Worker-30: Building] INFO  o.e.m.c.i.embedder.EclipseLogger - Using 'UTF-8' encoding to copy filtered properties files.
2023-05-31 15:08:32,601 [Worker-30: Building] INFO  o.e.m.c.i.embedder.EclipseLogger - Copying 1 resource
2023-05-31 15:08:32,613 [Worker-30: Building] INFO  o.e.m.c.i.embedder.EclipseLogger - Copying 0 resource
2023-05-31 15:08:32,616 [Worker-30: Building] INFO  o.e.m.c.i.embedder.EclipseLogger - Using 'UTF-8' encoding to copy filtered resources.
2023-05-31 15:08:32,616 [Worker-30: Building] INFO  o.e.m.c.i.embedder.EclipseLogger - Using 'UTF-8' encoding to copy filtered properties files.
2023-05-31 15:08:32,616 [Worker-30: Building] INFO  o.e.m.c.i.embedder.EclipseLogger - skip non existing resourceDirectory D:\module3\mvc\Firstrestmysqljpa\src\test\resources
2023-05-31 15:09:26,949 [Worker-31: Building] INFO  o.e.m.c.i.embedder.EclipseLogger - Using 'UTF-8' encoding to copy filtered resources.
2023-05-31 15:09:26,949 [Worker-31: Building] INFO  o.e.m.c.i.embedder.EclipseLogger - Using 'UTF-8' encoding to copy filtered properties files.
2023-05-31 15:09:26,949 [Worker-31: Building] INFO  o.e.m.c.i.embedder.EclipseLogger - Copying 1 resource
2023-05-31 15:09:26,991 [Worker-31: Building] INFO  o.e.m.c.i.embedder.EclipseLogger - Copying 0 resource
2023-05-31 15:09:26,996 [Worker-31: Building] INFO  o.e.m.c.i.embedder.EclipseLogger - Using 'UTF-8' encoding to copy filtered resources.
2023-05-31 15:09:26,996 [Worker-31: Building] INFO  o.e.m.c.i.embedder.EclipseLogger - Using 'UTF-8' encoding to copy filtered properties files.
2023-05-31 15:09:26,996 [Worker-31: Building] INFO  o.e.m.c.i.embedder.EclipseLogger - skip non existing resourceDirectory D:\module3\mvc\Firstrestmysqljpa\src\test\resources
2023-05-31 15:09:51,725 [Worker-31: Building] INFO  o.e.m.c.i.embedder.EclipseLogger - Using 'UTF-8' encoding to copy filtered resources.
2023-05-31 15:09:51,726 [Worker-31: Building] INFO  o.e.m.c.i.embedder.EclipseLogger - Using 'UTF-8' encoding to copy filtered properties files.
2023-05-31 15:09:51,726 [Worker-31: Building] INFO  o.e.m.c.i.embedder.EclipseLogger - Copying 1 resource
2023-05-31 15:09:51,747 [Worker-31: Building] INFO  o.e.m.c.i.embedder.EclipseLogger - Copying 0 resource
2023-05-31 15:09:51,751 [Worker-31: Building] INFO  o.e.m.c.i.embedder.EclipseLogger - Using 'UTF-8' encoding to copy filtered resources.
2023-05-31 15:09:51,751 [Worker-31: Building] INFO  o.e.m.c.i.embedder.EclipseLogger - Using 'UTF-8' encoding to copy filtered properties files.
2023-05-31 15:09:51,751 [Worker-31: Building] INFO  o.e.m.c.i.embedder.EclipseLogger - skip non existing resourceDirectory D:\module3\mvc\Firstrestmysqljpa\src\test\resources
2023-05-31 15:11:19,439 [Worker-31: Building] INFO  o.e.m.c.i.embedder.EclipseLogger - Using 'UTF-8' encoding to copy filtered resources.
2023-05-31 15:11:19,440 [Worker-31: Building] INFO  o.e.m.c.i.embedder.EclipseLogger - Using 'UTF-8' encoding to copy filtered properties files.
2023-05-31 15:11:19,440 [Worker-31: Building] INFO  o.e.m.c.i.embedder.EclipseLogger - Copying 1 resource
2023-05-31 15:11:19,460 [Worker-31: Building] INFO  o.e.m.c.i.embedder.EclipseLogger - Using 'UTF-8' encoding to copy filtered resources.
2023-05-31 15:11:19,461 [Worker-31: Building] INFO  o.e.m.c.i.embedder.EclipseLogger - Using 'UTF-8' encoding to copy filtered properties files.
2023-05-31 15:11:19,463 [Worker-31: Building] INFO  o.e.m.c.i.embedder.EclipseLogger - skip non existing resourceDirectory D:\module3\mvc\Firstrestmysqljpa\src\test\resources
2023-05-31 15:11:32,466 [Worker-32: Building] INFO  o.e.m.c.i.embedder.EclipseLogger - Using 'UTF-8' encoding to copy filtered resources.
2023-05-31 15:11:32,466 [Worker-32: Building] INFO  o.e.m.c.i.embedder.EclipseLogger - Using 'UTF-8' encoding to copy filtered properties files.
2023-05-31 15:11:32,467 [Worker-32: Building] INFO  o.e.m.c.i.embedder.EclipseLogger - Copying 1 resource
2023-05-31 15:11:32,486 [Worker-32: Building] INFO  o.e.m.c.i.embedder.EclipseLogger - Using 'UTF-8' encoding to copy filtered resources.
2023-05-31 15:11:32,486 [Worker-32: Building] INFO  o.e.m.c.i.embedder.EclipseLogger - Using 'UTF-8' encoding to copy filtered properties files.
2023-05-31 15:11:32,486 [Worker-32: Building] INFO  o.e.m.c.i.embedder.EclipseLogger - skip non existing resourceDirectory D:\module3\mvc\Firstrestmysqljpa\src\test\resources
2023-05-31 15:11:48,622 [Worker-30: Building] INFO  o.e.m.c.i.embedder.EclipseLogger - Using 'UTF-8' encoding to copy filtered resources.
2023-05-31 15:11:48,623 [Worker-30: Building] INFO  o.e.m.c.i.embedder.EclipseLogger - Using 'UTF-8' encoding to copy filtered properties files.
2023-05-31 15:11:48,623 [Worker-30: Building] INFO  o.e.m.c.i.embedder.EclipseLogger - Copying 1 resource
2023-05-31 15:11:48,644 [Worker-30: Building] INFO  o.e.m.c.i.embedder.EclipseLogger - Copying 0 resource
2023-05-31 15:11:48,648 [Worker-30: Building] INFO  o.e.m.c.i.embedder.EclipseLogger - Using 'UTF-8' encoding to copy filtered resources.
2023-05-31 15:11:48,648 [Worker-30: Building] INFO  o.e.m.c.i.embedder.EclipseLogger - Using 'UTF-8' encoding to copy filtered properties files.
2023-05-31 15:11:48,648 [Worker-30: Building] INFO  o.e.m.c.i.embedder.EclipseLogger - skip non existing resourceDirectory D:\module3\mvc\Firstrestmysqljpa\src\test\resources
2023-05-31 15:12:34,232 [Worker-31: Building] INFO  o.e.m.c.i.embedder.EclipseLogger - Using 'UTF-8' encoding to copy filtered resources.
2023-05-31 15:12:34,232 [Worker-31: Building] INFO  o.e.m.c.i.embedder.EclipseLogger - Using 'UTF-8' encoding to copy filtered properties files.
2023-05-31 15:12:34,232 [Worker-31: Building] INFO  o.e.m.c.i.embedder.EclipseLogger - Copying 1 resource
2023-05-31 15:12:34,245 [Worker-31: Building] INFO  o.e.m.c.i.embedder.EclipseLogger - Using 'UTF-8' encoding to copy filtered resources.
2023-05-31 15:12:34,245 [Worker-31: Building] INFO  o.e.m.c.i.embedder.EclipseLogger - Using 'UTF-8' encoding to copy filtered properties files.
2023-05-31 15:12:34,245 [Worker-31: Building] INFO  o.e.m.c.i.embedder.EclipseLogger - skip non existing resourceDirectory D:\module3\mvc\Firstrestmysqljpa\src\test\resources
2023-05-31 15:12:50,444 [Worker-32: Building] INFO  o.e.m.c.i.embedder.EclipseLogger - Using 'UTF-8' encoding to copy filtered resources.
2023-05-31 15:12:50,445 [Worker-32: Building] INFO  o.e.m.c.i.embedder.EclipseLogger - Using 'UTF-8' encoding to copy filtered properties files.
2023-05-31 15:12:50,445 [Worker-32: Building] INFO  o.e.m.c.i.embedder.EclipseLogger - Copying 1 resource
2023-05-31 15:12:50,457 [Worker-32: Building] INFO  o.e.m.c.i.embedder.EclipseLogger - Using 'UTF-8' encoding to copy filtered resources.
2023-05-31 15:12:50,457 [Worker-32: Building] INFO  o.e.m.c.i.embedder.EclipseLogger - Using 'UTF-8' encoding to copy filtered properties files.
2023-05-31 15:12:50,457 [Worker-32: Building] INFO  o.e.m.c.i.embedder.EclipseLogger - skip non existing resourceDirectory D:\module3\mvc\Firstrestmysqljpa\src\test\resources
2023-05-31 15:13:05,763 [Worker-31: Building] INFO  o.e.m.c.i.embedder.EclipseLogger - Using 'UTF-8' encoding to copy filtered resources.
2023-05-31 15:13:05,764 [Worker-31: Building] INFO  o.e.m.c.i.embedder.EclipseLogger - Using 'UTF-8' encoding to copy filtered properties files.
2023-05-31 15:13:05,764 [Worker-31: Building] INFO  o.e.m.c.i.embedder.EclipseLogger - Copying 1 resource
2023-05-31 15:13:05,780 [Worker-31: Building] INFO  o.e.m.c.i.embedder.EclipseLogger - Using 'UTF-8' encoding to copy filtered resources.
2023-05-31 15:13:05,781 [Worker-31: Building] INFO  o.e.m.c.i.embedder.EclipseLogger - Using 'UTF-8' encoding to copy filtered properties files.
2023-05-31 15:13:05,781 [Worker-31: Building] INFO  o.e.m.c.i.embedder.EclipseLogger - skip non existing resourceDirectory D:\module3\mvc\Firstrestmysqljpa\src\test\resources
2023-05-31 15:15:03,084 [Worker-30: Building] INFO  o.e.m.c.i.embedder.EclipseLogger - Using 'UTF-8' encoding to copy filtered resources.
2023-05-31 15:15:03,084 [Worker-30: Building] INFO  o.e.m.c.i.embedder.EclipseLogger - Using 'UTF-8' encoding to copy filtered properties files.
2023-05-31 15:15:03,084 [Worker-30: Building] INFO  o.e.m.c.i.embedder.EclipseLogger - Copying 1 resource
2023-05-31 15:15:03,096 [Worker-30: Building] INFO  o.e.m.c.i.embedder.EclipseLogger - Using 'UTF-8' encoding to copy filtered resources.
2023-05-31 15:15:03,097 [Worker-30: Building] INFO  o.e.m.c.i.embedder.EclipseLogger - Using 'UTF-8' encoding to copy filtered properties files.
2023-05-31 15:15:03,097 [Worker-30: Building] INFO  o.e.m.c.i.embedder.EclipseLogger - skip non existing resourceDirectory D:\module3\mvc\Firstrestmysqljpa\src\test\resources
2023-05-31 15:16:03,782 [Worker-35: Building] INFO  o.e.m.c.i.embedder.EclipseLogger - Using 'UTF-8' encoding to copy filtered resources.
2023-05-31 15:16:03,783 [Worker-35: Building] INFO  o.e.m.c.i.embedder.EclipseLogger - Using 'UTF-8' encoding to copy filtered properties files.
2023-05-31 15:16:03,783 [Worker-35: Building] INFO  o.e.m.c.i.embedder.EclipseLogger - Copying 1 resource
2023-05-31 15:16:03,795 [Worker-35: Building] INFO  o.e.m.c.i.embedder.EclipseLogger - Using 'UTF-8' encoding to copy filtered resources.
2023-05-31 15:16:03,795 [Worker-35: Building] INFO  o.e.m.c.i.embedder.EclipseLogger - Using 'UTF-8' encoding to copy filtered properties files.
2023-05-31 15:16:03,795 [Worker-35: Building] INFO  o.e.m.c.i.embedder.EclipseLogger - skip non existing resourceDirectory D:\module3\mvc\Firstrestmysqljpa\src\test\resources
2023-05-31 15:17:27,874 [Worker-36: Building] INFO  o.e.m.c.i.embedder.EclipseLogger - Using 'UTF-8' encoding to copy filtered resources.
2023-05-31 15:17:27,874 [Worker-36: Building] INFO  o.e.m.c.i.embedder.EclipseLogger - Using 'UTF-8' encoding to copy filtered properties files.
2023-05-31 15:17:27,874 [Worker-36: Building] INFO  o.e.m.c.i.embedder.EclipseLogger - Copying 1 resource
2023-05-31 15:17:27,886 [Worker-36: Building] INFO  o.e.m.c.i.embedder.EclipseLogger - Using 'UTF-8' encoding to copy filtered resources.
2023-05-31 15:17:27,887 [Worker-36: Building] INFO  o.e.m.c.i.embedder.EclipseLogger - Using 'UTF-8' encoding to copy filtered properties files.
2023-05-31 15:17:27,887 [Worker-36: Building] INFO  o.e.m.c.i.embedder.EclipseLogger - skip non existing resourceDirectory D:\module3\mvc\Firstrestmysqljpa\src\test\resources
2023-05-31 15:17:42,307 [Worker-36: Building] INFO  o.e.m.c.i.embedder.EclipseLogger - Using 'UTF-8' encoding to copy filtered resources.
2023-05-31 15:17:42,307 [Worker-36: Building] INFO  o.e.m.c.i.embedder.EclipseLogger - Using 'UTF-8' encoding to copy filtered properties files.
2023-05-31 15:17:42,307 [Worker-36: Building] INFO  o.e.m.c.i.embedder.EclipseLogger - Copying 1 resource
2023-05-31 15:17:42,319 [Worker-36: Building] INFO  o.e.m.c.i.embedder.EclipseLogger - Using 'UTF-8' encoding to copy filtered resources.
2023-05-31 15:17:42,320 [Worker-36: Building] INFO  o.e.m.c.i.embedder.EclipseLogger - Using 'UTF-8' encoding to copy filtered properties files.
2023-05-31 15:17:42,320 [Worker-36: Building] INFO  o.e.m.c.i.embedder.EclipseLogger - skip non existing resourceDirectory D:\module3\mvc\Firstrestmysqljpa\src\test\resources
2023-05-31 15:17:55,078 [Worker-36: Building] INFO  o.e.m.c.i.embedder.EclipseLogger - Using 'UTF-8' encoding to copy filtered resources.
2023-05-31 15:17:55,078 [Worker-36: Building] INFO  o.e.m.c.i.embedder.EclipseLogger - Using 'UTF-8' encoding to copy filtered properties files.
2023-05-31 15:17:55,078 [Worker-36: Building] INFO  o.e.m.c.i.embedder.EclipseLogger - Copying 1 resource
2023-05-31 15:17:55,098 [Worker-36: Building] INFO  o.e.m.c.i.embedder.EclipseLogger - Using 'UTF-8' encoding to copy filtered resources.
2023-05-31 15:17:55,098 [Worker-36: Building] INFO  o.e.m.c.i.embedder.EclipseLogger - Using 'UTF-8' encoding to copy filtered properties files.
2023-05-31 15:17:55,098 [Worker-36: Building] INFO  o.e.m.c.i.embedder.EclipseLogger - skip non existing resourceDirectory D:\module3\mvc\Firstrestmysqljpa\src\test\resources
2023-05-31 15:18:34,519 [Worker-36: Building] INFO  o.e.m.c.i.embedder.EclipseLogger - Using 'UTF-8' encoding to copy filtered resources.
2023-05-31 15:18:34,520 [Worker-36: Building] INFO  o.e.m.c.i.embedder.EclipseLogger - Using 'UTF-8' encoding to copy filtered properties files.
2023-05-31 15:18:34,520 [Worker-36: Building] INFO  o.e.m.c.i.embedder.EclipseLogger - Copying 1 resource
2023-05-31 15:18:34,529 [Worker-36: Building] INFO  o.e.m.c.i.embedder.EclipseLogger - Using 'UTF-8' encoding to copy filtered resources.
2023-05-31 15:18:34,529 [Worker-36: Building] INFO  o.e.m.c.i.embedder.EclipseLogger - Using 'UTF-8' encoding to copy filtered properties files.
2023-05-31 15:18:34,529 [Worker-36: Building] INFO  o.e.m.c.i.embedder.EclipseLogger - skip non existing resourceDirectory D:\module3\mvc\Firstrestmysqljpa\src\test\resources
2023-05-31 15:20:04,405 [Worker-36: Launching Executing install in D__module3_mvc_Firstrestmysqljpa] INFO  o.eclipse.m2e.core.internal.Bundles - getClasspathEntries(Bundle=org.eclipse.m2e.maven.runtime_3.8.604.20221130-2149 [267])
2023-05-31 15:20:04,422 [Worker-36: Launching Executing install in D__module3_mvc_Firstrestmysqljpa] INFO  o.eclipse.m2e.core.internal.Bundles - 	Entry: C:\Users\Administrator\.p2\pool\plugins\org.eclipse.m2e.maven.runtime_3.8.604.20221130-2149
2023-05-31 15:20:04,423 [Worker-36: Launching Executing install in D__module3_mvc_Firstrestmysqljpa] INFO  o.eclipse.m2e.core.internal.Bundles - 	Entry: C:\Users\Administrator\.p2\pool\plugins\org.eclipse.m2e.maven.runtime_3.8.604.20221130-2149\jars\aether-connector-okhttp-0.17.8.jar
2023-05-31 15:20:04,423 [Worker-36: Launching Executing install in D__module3_mvc_Firstrestmysqljpa] INFO  o.eclipse.m2e.core.internal.Bundles - 	Entry: C:\Users\Administrator\.p2\pool\plugins\org.eclipse.m2e.maven.runtime_3.8.604.20221130-2149\jars\commons-cli-1.4.jar
2023-05-31 15:20:04,423 [Worker-36: Launching Executing install in D__module3_mvc_Firstrestmysqljpa] INFO  o.eclipse.m2e.core.internal.Bundles - 	Entry: C:\Users\Administrator\.p2\pool\plugins\org.eclipse.m2e.maven.runtime_3.8.604.20221130-2149\jars\commons-io-2.6.jar
2023-05-31 15:20:04,424 [Worker-36: Launching Executing install in D__module3_mvc_Firstrestmysqljpa] INFO  o.eclipse.m2e.core.internal.Bundles - 	Entry: C:\Users\Administrator\.p2\pool\plugins\org.eclipse.m2e.maven.runtime_3.8.604.20221130-2149\jars\commons-lang3-3.8.1.jar
2023-05-31 15:20:04,424 [Worker-36: Launching Executing install in D__module3_mvc_Firstrestmysqljpa] INFO  o.eclipse.m2e.core.internal.Bundles - 	Entry: C:\Users\Administrator\.p2\pool\plugins\org.eclipse.m2e.maven.runtime_3.8.604.20221130-2149\jars\guice-4.2.2-no_aop.jar
2023-05-31 15:20:04,424 [Worker-36: Launching Executing install in D__module3_mvc_Firstrestmysqljpa] INFO  o.eclipse.m2e.core.internal.Bundles - 	Entry: C:\Users\Administrator\.p2\pool\plugins\org.eclipse.m2e.maven.runtime_3.8.604.20221130-2149\jars\jansi-2.4.0.jar
2023-05-31 15:20:04,424 [Worker-36: Launching Executing install in D__module3_mvc_Firstrestmysqljpa] INFO  o.eclipse.m2e.core.internal.Bundles - 	Entry: C:\Users\Administrator\.p2\pool\plugins\org.eclipse.m2e.maven.runtime_3.8.604.20221130-2149\jars\maven-artifact-3.8.6.jar
2023-05-31 15:20:04,425 [Worker-36: Launching Executing install in D__module3_mvc_Firstrestmysqljpa] INFO  o.eclipse.m2e.core.internal.Bundles - 	Entry: C:\Users\Administrator\.p2\pool\plugins\org.eclipse.m2e.maven.runtime_3.8.604.20221130-2149\jars\maven-builder-support-3.8.6.jar
2023-05-31 15:20:04,425 [Worker-36: Launching Executing install in D__module3_mvc_Firstrestmysqljpa] INFO  o.eclipse.m2e.core.internal.Bundles - 	Entry: C:\Users\Administrator\.p2\pool\plugins\org.eclipse.m2e.maven.runtime_3.8.604.20221130-2149\jars\maven-compat-3.8.6.jar
2023-05-31 15:20:04,425 [Worker-36: Launching Executing install in D__module3_mvc_Firstrestmysqljpa] INFO  o.eclipse.m2e.core.internal.Bundles - 	Entry: C:\Users\Administrator\.p2\pool\plugins\org.eclipse.m2e.maven.runtime_3.8.604.20221130-2149\jars\maven-core-3.8.6.jar
2023-05-31 15:20:04,425 [Worker-36: Launching Executing install in D__module3_mvc_Firstrestmysqljpa] INFO  o.eclipse.m2e.core.internal.Bundles - 	Entry: C:\Users\Administrator\.p2\pool\plugins\org.eclipse.m2e.maven.runtime_3.8.604.20221130-2149\jars\maven-embedder-3.8.6.jar
2023-05-31 15:20:04,425 [Worker-36: Launching Executing install in D__module3_mvc_Firstrestmysqljpa] INFO  o.eclipse.m2e.core.internal.Bundles - 	Entry: C:\Users\Administrator\.p2\pool\plugins\org.eclipse.m2e.maven.runtime_3.8.604.20221130-2149\jars\maven-model-3.8.6.jar
2023-05-31 15:20:04,425 [Worker-36: Launching Executing install in D__module3_mvc_Firstrestmysqljpa] INFO  o.eclipse.m2e.core.internal.Bundles - 	Entry: C:\Users\Administrator\.p2\pool\plugins\org.eclipse.m2e.maven.runtime_3.8.604.20221130-2149\jars\maven-model-builder-3.8.6.jar
2023-05-31 15:20:04,426 [Worker-36: Launching Executing install in D__module3_mvc_Firstrestmysqljpa] INFO  o.eclipse.m2e.core.internal.Bundles - 	Entry: C:\Users\Administrator\.p2\pool\plugins\org.eclipse.m2e.maven.runtime_3.8.604.20221130-2149\jars\maven-plugin-api-3.8.6.jar
2023-05-31 15:20:04,426 [Worker-36: Launching Executing install in D__module3_mvc_Firstrestmysqljpa] INFO  o.eclipse.m2e.core.internal.Bundles - 	Entry: C:\Users\Administrator\.p2\pool\plugins\org.eclipse.m2e.maven.runtime_3.8.604.20221130-2149\jars\maven-repository-metadata-3.8.6.jar
2023-05-31 15:20:04,426 [Worker-36: Launching Executing install in D__module3_mvc_Firstrestmysqljpa] INFO  o.eclipse.m2e.core.internal.Bundles - 	Entry: C:\Users\Administrator\.p2\pool\plugins\org.eclipse.m2e.maven.runtime_3.8.604.20221130-2149\jars\maven-resolver-api-1.6.3.jar
2023-05-31 15:20:04,426 [Worker-36: Launching Executing install in D__module3_mvc_Firstrestmysqljpa] INFO  o.eclipse.m2e.core.internal.Bundles - 	Entry: C:\Users\Administrator\.p2\pool\plugins\org.eclipse.m2e.maven.runtime_3.8.604.20221130-2149\jars\maven-resolver-connector-basic-1.6.3.jar
2023-05-31 15:20:04,427 [Worker-36: Launching Executing install in D__module3_mvc_Firstrestmysqljpa] INFO  o.eclipse.m2e.core.internal.Bundles - 	Entry: C:\Users\Administrator\.p2\pool\plugins\org.eclipse.m2e.maven.runtime_3.8.604.20221130-2149\jars\maven-resolver-impl-1.6.3.jar
2023-05-31 15:20:04,427 [Worker-36: Launching Executing install in D__module3_mvc_Firstrestmysqljpa] INFO  o.eclipse.m2e.core.internal.Bundles - 	Entry: C:\Users\Administrator\.p2\pool\plugins\org.eclipse.m2e.maven.runtime_3.8.604.20221130-2149\jars\maven-resolver-provider-3.8.6.jar
2023-05-31 15:20:04,427 [Worker-36: Launching Executing install in D__module3_mvc_Firstrestmysqljpa] INFO  o.eclipse.m2e.core.internal.Bundles - 	Entry: C:\Users\Administrator\.p2\pool\plugins\org.eclipse.m2e.maven.runtime_3.8.604.20221130-2149\jars\maven-resolver-spi-1.6.3.jar
2023-05-31 15:20:04,427 [Worker-36: Launching Executing install in D__module3_mvc_Firstrestmysqljpa] INFO  o.eclipse.m2e.core.internal.Bundles - 	Entry: C:\Users\Administrator\.p2\pool\plugins\org.eclipse.m2e.maven.runtime_3.8.604.20221130-2149\jars\maven-resolver-transport-wagon-1.6.3.jar
2023-05-31 15:20:04,427 [Worker-36: Launching Executing install in D__module3_mvc_Firstrestmysqljpa] INFO  o.eclipse.m2e.core.internal.Bundles - 	Entry: C:\Users\Administrator\.p2\pool\plugins\org.eclipse.m2e.maven.runtime_3.8.604.20221130-2149\jars\maven-resolver-util-1.6.3.jar
2023-05-31 15:20:04,428 [Worker-36: Launching Executing install in D__module3_mvc_Firstrestmysqljpa] INFO  o.eclipse.m2e.core.internal.Bundles - 	Entry: C:\Users\Administrator\.p2\pool\plugins\org.eclipse.m2e.maven.runtime_3.8.604.20221130-2149\jars\maven-settings-3.8.6.jar
2023-05-31 15:20:04,428 [Worker-36: Launching Executing install in D__module3_mvc_Firstrestmysqljpa] INFO  o.eclipse.m2e.core.internal.Bundles - 	Entry: C:\Users\Administrator\.p2\pool\plugins\org.eclipse.m2e.maven.runtime_3.8.604.20221130-2149\jars\maven-settings-builder-3.8.6.jar
2023-05-31 15:20:04,428 [Worker-36: Launching Executing install in D__module3_mvc_Firstrestmysqljpa] INFO  o.eclipse.m2e.core.internal.Bundles - 	Entry: C:\Users\Administrator\.p2\pool\plugins\org.eclipse.m2e.maven.runtime_3.8.604.20221130-2149\jars\maven-shared-utils-3.3.4.jar
2023-05-31 15:20:04,428 [Worker-36: Launching Executing install in D__module3_mvc_Firstrestmysqljpa] INFO  o.eclipse.m2e.core.internal.Bundles - 	Entry: C:\Users\Administrator\.p2\pool\plugins\org.eclipse.m2e.maven.runtime_3.8.604.20221130-2149\jars\okhttp-3.14.1.jar
2023-05-31 15:20:04,428 [Worker-36: Launching Executing install in D__module3_mvc_Firstrestmysqljpa] INFO  o.eclipse.m2e.core.internal.Bundles - 	Entry: C:\Users\Administrator\.p2\pool\plugins\org.eclipse.m2e.maven.runtime_3.8.604.20221130-2149\jars\okio-1.17.3.jar
2023-05-31 15:20:04,428 [Worker-36: Launching Executing install in D__module3_mvc_Firstrestmysqljpa] INFO  o.eclipse.m2e.core.internal.Bundles - 	Entry: C:\Users\Administrator\.p2\pool\plugins\org.eclipse.m2e.maven.runtime_3.8.604.20221130-2149\jars\org.eclipse.sisu.inject-0.3.5.jar
2023-05-31 15:20:04,429 [Worker-36: Launching Executing install in D__module3_mvc_Firstrestmysqljpa] INFO  o.eclipse.m2e.core.internal.Bundles - 	Entry: C:\Users\Administrator\.p2\pool\plugins\org.eclipse.m2e.maven.runtime_3.8.604.20221130-2149\jars\org.eclipse.sisu.plexus-0.3.5.jar
2023-05-31 15:20:04,429 [Worker-36: Launching Executing install in D__module3_mvc_Firstrestmysqljpa] INFO  o.eclipse.m2e.core.internal.Bundles - 	Entry: C:\Users\Administrator\.p2\pool\plugins\org.eclipse.m2e.maven.runtime_3.8.604.20221130-2149\jars\plexus-build-api-0.0.7.jar
2023-05-31 15:20:04,429 [Worker-36: Launching Executing install in D__module3_mvc_Firstrestmysqljpa] INFO  o.eclipse.m2e.core.internal.Bundles - 	Entry: C:\Users\Administrator\.p2\pool\plugins\org.eclipse.m2e.maven.runtime_3.8.604.20221130-2149\jars\plexus-cipher-2.0.jar
2023-05-31 15:20:04,429 [Worker-36: Launching Executing install in D__module3_mvc_Firstrestmysqljpa] INFO  o.eclipse.m2e.core.internal.Bundles - 	Entry: C:\Users\Administrator\.p2\pool\plugins\org.eclipse.m2e.maven.runtime_3.8.604.20221130-2149\jars\plexus-classworlds-2.6.0.jar
2023-05-31 15:20:04,429 [Worker-36: Launching Executing install in D__module3_mvc_Firstrestmysqljpa] INFO  o.eclipse.m2e.core.internal.Bundles - 	Entry: C:\Users\Administrator\.p2\pool\plugins\org.eclipse.m2e.maven.runtime_3.8.604.20221130-2149\jars\plexus-component-annotations-2.1.0.jar
2023-05-31 15:20:04,430 [Worker-36: Launching Executing install in D__module3_mvc_Firstrestmysqljpa] INFO  o.eclipse.m2e.core.internal.Bundles - 	Entry: C:\Users\Administrator\.p2\pool\plugins\org.eclipse.m2e.maven.runtime_3.8.604.20221130-2149\jars\plexus-interpolation-1.26.jar
2023-05-31 15:20:04,430 [Worker-36: Launching Executing install in D__module3_mvc_Firstrestmysqljpa] INFO  o.eclipse.m2e.core.internal.Bundles - 	Entry: C:\Users\Administrator\.p2\pool\plugins\org.eclipse.m2e.maven.runtime_3.8.604.20221130-2149\jars\plexus-sec-dispatcher-2.0.jar
2023-05-31 15:20:04,430 [Worker-36: Launching Executing install in D__module3_mvc_Firstrestmysqljpa] INFO  o.eclipse.m2e.core.internal.Bundles - 	Entry: C:\Users\Administrator\.p2\pool\plugins\org.eclipse.m2e.maven.runtime_3.8.604.20221130-2149\jars\plexus-utils-3.3.1.jar
2023-05-31 15:20:04,430 [Worker-36: Launching Executing install in D__module3_mvc_Firstrestmysqljpa] INFO  o.eclipse.m2e.core.internal.Bundles - 	Entry: C:\Users\Administrator\.p2\pool\plugins\org.eclipse.m2e.maven.runtime_3.8.604.20221130-2149\jars\wagon-file-3.5.1.jar
2023-05-31 15:20:04,431 [Worker-36: Launching Executing install in D__module3_mvc_Firstrestmysqljpa] INFO  o.eclipse.m2e.core.internal.Bundles - 	Entry: C:\Users\Administrator\.p2\pool\plugins\org.eclipse.m2e.maven.runtime_3.8.604.20221130-2149\jars\wagon-provider-api-3.5.1.jar
2023-05-31 15:20:04,432 [Worker-36: Launching Executing install in D__module3_mvc_Firstrestmysqljpa] INFO  o.eclipse.m2e.core.internal.Bundles - getClasspathEntries(Bundle=com.google.guava_30.1.0.v20221112-0806 [8])
2023-05-31 15:20:04,438 [Worker-36: Launching Executing install in D__module3_mvc_Firstrestmysqljpa] INFO  o.eclipse.m2e.core.internal.Bundles - 	Entry: C:\Users\Administrator\.p2\pool\plugins\com.google.guava_30.1.0.v20221112-0806.jar
2023-05-31 15:20:04,438 [Worker-36: Launching Executing install in D__module3_mvc_Firstrestmysqljpa] INFO  o.eclipse.m2e.core.internal.Bundles - getClasspathEntries(Bundle=slf4j.api_1.7.36 [431])
2023-05-31 15:20:04,440 [Worker-36: Launching Executing install in D__module3_mvc_Firstrestmysqljpa] INFO  o.eclipse.m2e.core.internal.Bundles - 	Entry: C:\Users\Administrator\.p2\pool\plugins\slf4j.api_1.7.36.jar
2023-05-31 15:20:04,441 [Worker-36: Launching Executing install in D__module3_mvc_Firstrestmysqljpa] INFO  o.eclipse.m2e.core.internal.Bundles - getClasspathEntries(Bundle=javax.inject_1.0.0.v20220405-0441 [18])
2023-05-31 15:20:04,442 [Worker-36: Launching Executing install in D__module3_mvc_Firstrestmysqljpa] INFO  o.eclipse.m2e.core.internal.Bundles - 	Entry: C:\Users\Administrator\.p2\pool\plugins\javax.inject_1.0.0.v20220405-0441.jar
2023-05-31 15:20:04,443 [Worker-36: Launching Executing install in D__module3_mvc_Firstrestmysqljpa] INFO  o.eclipse.m2e.core.internal.Bundles - getClasspathEntries(Bundle=javax.annotation_1.3.5.v20221112-0806 [16])
2023-05-31 15:20:04,444 [Worker-36: Launching Executing install in D__module3_mvc_Firstrestmysqljpa] INFO  o.eclipse.m2e.core.internal.Bundles - 	Entry: C:\Users\Administrator\.p2\pool\plugins\javax.annotation_1.3.5.v20221112-0806.jar
2023-05-31 15:20:04,448 [Worker-36: Launching Executing install in D__module3_mvc_Firstrestmysqljpa] INFO  o.e.m.i.launch.MavenLaunchDelegate - Run build in "D:\module3\mvc\Firstrestmysqljpa":
2023-05-31 15:20:04,454 [Worker-36: Launching Executing install in D__module3_mvc_Firstrestmysqljpa] INFO  o.e.m.i.launch.MavenLaunchDelegate -  mvn  -Ppom.xml -B -Dstyle.color=always install
2023-05-31 15:23:02,871 [Worker-36: Building] INFO  o.e.m.c.i.l.LifecycleMappingFactory - Using org.eclipse.m2e.jdt.JarLifecycleMapping lifecycle mapping for MavenProject: com.ust.rest:rest-app:0.0.1-SNAPSHOT @ D:\module3\mvc\Firstrestmysqljpa\pom.xml.
2023-05-31 15:23:03,950 [Worker-36: Building] INFO  o.e.m.c.i.embedder.EclipseLogger - Using 'UTF-8' encoding to copy filtered resources.
2023-05-31 15:23:03,951 [Worker-36: Building] INFO  o.e.m.c.i.embedder.EclipseLogger - Using 'UTF-8' encoding to copy filtered properties files.
2023-05-31 15:23:03,954 [Worker-36: Building] INFO  o.e.m.c.i.embedder.EclipseLogger - Copying 0 resource
2023-05-31 15:23:03,955 [Worker-36: Building] INFO  o.e.m.c.i.embedder.EclipseLogger - Copying 0 resource
2023-05-31 15:23:03,959 [Worker-36: Building] INFO  o.e.m.c.i.embedder.EclipseLogger - Using 'UTF-8' encoding to copy filtered resources.
2023-05-31 15:23:03,959 [Worker-36: Building] INFO  o.e.m.c.i.embedder.EclipseLogger - Using 'UTF-8' encoding to copy filtered properties files.
2023-05-31 15:23:03,959 [Worker-36: Building] INFO  o.e.m.c.i.embedder.EclipseLogger - skip non existing resourceDirectory D:\module3\mvc\Firstrestmysqljpa\src\test\resources
2023-05-31 15:23:05,485 [Worker-30: Building] INFO  o.e.m.c.i.embedder.EclipseLogger - Using 'UTF-8' encoding to copy filtered resources.
2023-05-31 15:23:05,486 [Worker-30: Building] INFO  o.e.m.c.i.embedder.EclipseLogger - Using 'UTF-8' encoding to copy filtered properties files.
2023-05-31 15:23:05,487 [Worker-30: Building] INFO  o.e.m.c.i.embedder.EclipseLogger - Copying 4 resources
2023-05-31 15:23:05,521 [Worker-30: Building] INFO  o.e.m.c.i.embedder.EclipseLogger - Copying 0 resource
2023-05-31 15:23:05,525 [Worker-30: Building] INFO  o.e.m.c.i.embedder.EclipseLogger - Using 'UTF-8' encoding to copy filtered resources.
2023-05-31 15:23:05,525 [Worker-30: Building] INFO  o.e.m.c.i.embedder.EclipseLogger - Using 'UTF-8' encoding to copy filtered properties files.
2023-05-31 15:23:05,525 [Worker-30: Building] INFO  o.e.m.c.i.embedder.EclipseLogger - skip non existing resourceDirectory D:\module3\mvc\Firstrestmysqljpa\src\test\resources
2023-05-31 15:23:13,902 [Worker-30: Launching Executing install in D__module3_mvc_Firstrestmysqljpa] INFO  o.e.m.i.launch.MavenLaunchDelegate - Run build in "D:\module3\mvc\Firstrestmysqljpa":
2023-05-31 15:23:13,903 [Worker-30: Launching Executing install in D__module3_mvc_Firstrestmysqljpa] INFO  o.e.m.i.launch.MavenLaunchDelegate -  mvn  -Ppom.xml -B -Dstyle.color=always install
2023-05-31 15:23:37,392 [Worker-40: Building] INFO  o.e.m.c.i.embedder.EclipseLogger - Using 'UTF-8' encoding to copy filtered resources.
2023-05-31 15:23:37,392 [Worker-40: Building] INFO  o.e.m.c.i.embedder.EclipseLogger - Using 'UTF-8' encoding to copy filtered properties files.
2023-05-31 15:23:37,393 [Worker-40: Building] INFO  o.e.m.c.i.embedder.EclipseLogger - Copying 4 resources
2023-05-31 15:23:37,429 [Worker-40: Building] INFO  o.e.m.c.i.embedder.EclipseLogger - Copying 0 resource
2023-05-31 15:23:37,432 [Worker-40: Building] INFO  o.e.m.c.i.embedder.EclipseLogger - Using 'UTF-8' encoding to copy filtered resources.
2023-05-31 15:23:37,433 [Worker-40: Building] INFO  o.e.m.c.i.embedder.EclipseLogger - Using 'UTF-8' encoding to copy filtered properties files.
2023-05-31 15:23:37,433 [Worker-40: Building] INFO  o.e.m.c.i.embedder.EclipseLogger - skip non existing resourceDirectory D:\module3\mvc\Firstrestmysqljpa\src\test\resources
2023-05-31 15:28:29,087 [Worker-36: Launching Executing install in D__advanced_lambdademo] INFO  o.e.m.i.launch.MavenLaunchDelegate - Run build in "D:\advanced\lambdademo":
2023-05-31 15:28:29,087 [Worker-36: Launching Executing install in D__advanced_lambdademo] INFO  o.e.m.i.launch.MavenLaunchDelegate -  mvn  -B -Dstyle.color=always install
2023-05-31 15:28:33,550 [Worker-43: Building] WARN  o.e.m.c.i.embedder.EclipseLogger - Using platform encoding (Cp1252 actually) to copy filtered resources, i.e. build is platform dependent!
2023-05-31 15:28:33,554 [Worker-43: Building] INFO  o.e.m.c.i.embedder.EclipseLogger - Copying 0 resource
2023-05-31 15:28:33,561 [Worker-43: Building] WARN  o.e.m.c.i.embedder.EclipseLogger - Using platform encoding (Cp1252 actually) to copy filtered resources, i.e. build is platform dependent!
2023-05-31 15:28:33,562 [Worker-43: Building] INFO  o.e.m.c.i.embedder.EclipseLogger - Copying 0 resource
2023-05-31 15:29:51,883 [Worker-36: Building] INFO  o.e.m.c.i.embedder.EclipseLogger - Using 'UTF-8' encoding to copy filtered resources.
2023-05-31 15:29:51,883 [Worker-36: Building] INFO  o.e.m.c.i.embedder.EclipseLogger - Using 'UTF-8' encoding to copy filtered properties files.
2023-05-31 15:29:51,884 [Worker-36: Building] INFO  o.e.m.c.i.embedder.EclipseLogger - Copying 1 resource
2023-05-31 15:29:51,988 [Worker-36: Building] INFO  o.e.m.c.i.embedder.EclipseLogger - Copying 0 resource
2023-05-31 15:29:52,002 [Worker-36: Building] INFO  o.e.m.c.i.embedder.EclipseLogger - Using 'UTF-8' encoding to copy filtered resources.
2023-05-31 15:29:52,002 [Worker-36: Building] INFO  o.e.m.c.i.embedder.EclipseLogger - Using 'UTF-8' encoding to copy filtered properties files.
2023-05-31 15:29:52,002 [Worker-36: Building] INFO  o.e.m.c.i.embedder.EclipseLogger - skip non existing resourceDirectory D:\module3\mvc\Firstrestmysqljpa\src\test\resources
2023-05-31 15:29:57,686 [Worker-44: Launching Executing install in D__module3_mvc_Firstrestmysqljpa] INFO  o.e.m.i.launch.MavenLaunchDelegate - Run build in "D:\module3\mvc\Firstrestmysqljpa":
2023-05-31 15:29:57,686 [Worker-44: Launching Executing install in D__module3_mvc_Firstrestmysqljpa] INFO  o.e.m.i.launch.MavenLaunchDelegate -  mvn  -Ppom.xml -B -Dstyle.color=always install
2023-05-31 15:30:16,435 [Worker-44: Building] INFO  o.e.m.c.i.embedder.EclipseLogger - Using 'UTF-8' encoding to copy filtered resources.
2023-05-31 15:30:16,435 [Worker-44: Building] INFO  o.e.m.c.i.embedder.EclipseLogger - Using 'UTF-8' encoding to copy filtered properties files.
2023-05-31 15:30:16,435 [Worker-44: Building] INFO  o.e.m.c.i.embedder.EclipseLogger - Copying 0 resource
2023-05-31 15:30:16,435 [Worker-44: Building] INFO  o.e.m.c.i.embedder.EclipseLogger - Copying 0 resource
2023-05-31 15:30:16,438 [Worker-44: Building] INFO  o.e.m.c.i.embedder.EclipseLogger - Using 'UTF-8' encoding to copy filtered resources.
2023-05-31 15:30:16,438 [Worker-44: Building] INFO  o.e.m.c.i.embedder.EclipseLogger - Using 'UTF-8' encoding to copy filtered properties files.
2023-05-31 15:30:16,438 [Worker-44: Building] INFO  o.e.m.c.i.embedder.EclipseLogger - skip non existing resourceDirectory D:\module3\mvc\Firstrestmysqljpa\src\test\resources
2023-05-31 15:31:46,144 [Worker-47: Building] INFO  o.e.m.c.i.embedder.EclipseLogger - Using 'UTF-8' encoding to copy filtered resources.
2023-05-31 15:31:46,144 [Worker-47: Building] INFO  o.e.m.c.i.embedder.EclipseLogger - Using 'UTF-8' encoding to copy filtered properties files.
2023-05-31 15:31:46,145 [Worker-47: Building] INFO  o.e.m.c.i.embedder.EclipseLogger - Copying 1 resource
2023-05-31 15:31:46,158 [Worker-47: Building] INFO  o.e.m.c.i.embedder.EclipseLogger - Copying 0 resource
2023-05-31 15:31:46,161 [Worker-47: Building] INFO  o.e.m.c.i.embedder.EclipseLogger - Using 'UTF-8' encoding to copy filtered resources.
2023-05-31 15:31:46,161 [Worker-47: Building] INFO  o.e.m.c.i.embedder.EclipseLogger - Using 'UTF-8' encoding to copy filtered properties files.
2023-05-31 15:31:46,161 [Worker-47: Building] INFO  o.e.m.c.i.embedder.EclipseLogger - skip non existing resourceDirectory D:\module3\mvc\Firstrestmysqljpa\src\test\resources
2023-05-31 15:32:09,738 [Worker-46: Launching Executing install in D__module3_mvc_Firstrestmysqljpa] INFO  o.e.m.i.launch.MavenLaunchDelegate - Run build in "D:\module3\mvc\Firstrestmysqljpa":
2023-05-31 15:32:09,738 [Worker-46: Launching Executing install in D__module3_mvc_Firstrestmysqljpa] INFO  o.e.m.i.launch.MavenLaunchDelegate -  mvn  -Ppom.xml -B -Dstyle.color=always install
2023-05-31 16:40:49,488 [Worker-51: Building] INFO  o.e.m.c.i.embedder.EclipseLogger - Using 'UTF-8' encoding to copy filtered resources.
2023-05-31 16:40:49,488 [Worker-51: Building] INFO  o.e.m.c.i.embedder.EclipseLogger - Using 'UTF-8' encoding to copy filtered properties files.
2023-05-31 16:40:49,489 [Worker-51: Building] INFO  o.e.m.c.i.embedder.EclipseLogger - Copying 1 resource
2023-05-31 16:40:49,530 [Worker-51: Building] INFO  o.e.m.c.i.embedder.EclipseLogger - Copying 0 resource
2023-05-31 16:40:49,536 [Worker-51: Building] INFO  o.e.m.c.i.embedder.EclipseLogger - Using 'UTF-8' encoding to copy filtered resources.
2023-05-31 16:40:49,537 [Worker-51: Building] INFO  o.e.m.c.i.embedder.EclipseLogger - Using 'UTF-8' encoding to copy filtered properties files.
2023-05-31 16:40:49,537 [Worker-51: Building] INFO  o.e.m.c.i.embedder.EclipseLogger - skip non existing resourceDirectory D:\module3\mvc\Firstrestmysqljpa\src\test\resources
2023-05-31 16:41:28,717 [Worker-51: Building] INFO  o.e.m.c.i.embedder.EclipseLogger - Using 'UTF-8' encoding to copy filtered resources.
2023-05-31 16:41:28,717 [Worker-51: Building] INFO  o.e.m.c.i.embedder.EclipseLogger - Using 'UTF-8' encoding to copy filtered properties files.
2023-05-31 16:41:28,718 [Worker-51: Building] INFO  o.e.m.c.i.embedder.EclipseLogger - Copying 1 resource
2023-05-31 16:41:28,738 [Worker-51: Building] INFO  o.e.m.c.i.embedder.EclipseLogger - Copying 0 resource
2023-05-31 16:41:28,742 [Worker-51: Building] INFO  o.e.m.c.i.embedder.EclipseLogger - Using 'UTF-8' encoding to copy filtered resources.
2023-05-31 16:41:28,742 [Worker-51: Building] INFO  o.e.m.c.i.embedder.EclipseLogger - Using 'UTF-8' encoding to copy filtered properties files.
2023-05-31 16:41:28,742 [Worker-51: Building] INFO  o.e.m.c.i.embedder.EclipseLogger - skip non existing resourceDirectory D:\module3\mvc\Firstrestmysqljpa\src\test\resources
2023-05-31 16:41:47,645 [Worker-51: Building] INFO  o.e.m.c.i.embedder.EclipseLogger - Using 'UTF-8' encoding to copy filtered resources.
2023-05-31 16:41:47,645 [Worker-51: Building] INFO  o.e.m.c.i.embedder.EclipseLogger - Using 'UTF-8' encoding to copy filtered properties files.
2023-05-31 16:41:47,645 [Worker-51: Building] INFO  o.e.m.c.i.embedder.EclipseLogger - Copying 1 resource
2023-05-31 16:41:47,669 [Worker-51: Building] INFO  o.e.m.c.i.embedder.EclipseLogger - Copying 0 resource
2023-05-31 16:41:47,672 [Worker-51: Building] INFO  o.e.m.c.i.embedder.EclipseLogger - Using 'UTF-8' encoding to copy filtered resources.
2023-05-31 16:41:47,672 [Worker-51: Building] INFO  o.e.m.c.i.embedder.EclipseLogger - Using 'UTF-8' encoding to copy filtered properties files.
2023-05-31 16:41:47,672 [Worker-51: Building] INFO  o.e.m.c.i.embedder.EclipseLogger - skip non existing resourceDirectory D:\module3\mvc\Firstrestmysqljpa\src\test\resources
2023-05-31 16:42:25,162 [Worker-48: Building] INFO  o.e.m.c.i.embedder.EclipseLogger - Using 'UTF-8' encoding to copy filtered resources.
2023-05-31 16:42:25,162 [Worker-48: Building] INFO  o.e.m.c.i.embedder.EclipseLogger - Using 'UTF-8' encoding to copy filtered properties files.
2023-05-31 16:42:25,162 [Worker-48: Building] INFO  o.e.m.c.i.embedder.EclipseLogger - Copying 1 resource
2023-05-31 16:42:25,182 [Worker-48: Building] INFO  o.e.m.c.i.embedder.EclipseLogger - Copying 0 resource
2023-05-31 16:42:25,186 [Worker-48: Building] INFO  o.e.m.c.i.embedder.EclipseLogger - Using 'UTF-8' encoding to copy filtered resources.
2023-05-31 16:42:25,186 [Worker-48: Building] INFO  o.e.m.c.i.embedder.EclipseLogger - Using 'UTF-8' encoding to copy filtered properties files.
2023-05-31 16:42:25,186 [Worker-48: Building] INFO  o.e.m.c.i.embedder.EclipseLogger - skip non existing resourceDirectory D:\module3\mvc\Firstrestmysqljpa\src\test\resources
2023-05-31 16:45:08,229 [Worker-48: Building] INFO  o.e.m.c.i.embedder.EclipseLogger - Using 'UTF-8' encoding to copy filtered resources.
2023-05-31 16:45:08,229 [Worker-48: Building] INFO  o.e.m.c.i.embedder.EclipseLogger - Using 'UTF-8' encoding to copy filtered properties files.
2023-05-31 16:45:08,229 [Worker-48: Building] INFO  o.e.m.c.i.embedder.EclipseLogger - Copying 4 resources
2023-05-31 16:45:08,465 [Worker-48: Building] INFO  o.e.m.c.i.embedder.EclipseLogger - Copying 0 resource
2023-05-31 16:45:08,469 [Worker-48: Building] INFO  o.e.m.c.i.embedder.EclipseLogger - Using 'UTF-8' encoding to copy filtered resources.
2023-05-31 16:45:08,470 [Worker-48: Building] INFO  o.e.m.c.i.embedder.EclipseLogger - Using 'UTF-8' encoding to copy filtered properties files.
2023-05-31 16:45:08,470 [Worker-48: Building] INFO  o.e.m.c.i.embedder.EclipseLogger - skip non existing resourceDirectory D:\module3\mvc\Firstrestmysqljpa\src\test\resources
2023-05-31 16:48:57,566 [Worker-55: Building] INFO  o.e.m.c.i.embedder.EclipseLogger - Using 'UTF-8' encoding to copy filtered resources.
2023-05-31 16:48:57,566 [Worker-55: Building] INFO  o.e.m.c.i.embedder.EclipseLogger - Using 'UTF-8' encoding to copy filtered properties files.
2023-05-31 16:48:57,567 [Worker-55: Building] INFO  o.e.m.c.i.embedder.EclipseLogger - Copying 4 resources
2023-05-31 16:48:57,638 [Worker-55: Building] INFO  o.e.m.c.i.embedder.EclipseLogger - Copying 0 resource
2023-05-31 16:48:57,644 [Worker-55: Building] INFO  o.e.m.c.i.embedder.EclipseLogger - Using 'UTF-8' encoding to copy filtered resources.
2023-05-31 16:48:57,644 [Worker-55: Building] INFO  o.e.m.c.i.embedder.EclipseLogger - Using 'UTF-8' encoding to copy filtered properties files.
2023-05-31 16:48:57,644 [Worker-55: Building] INFO  o.e.m.c.i.embedder.EclipseLogger - skip non existing resourceDirectory D:\module3\mvc\Firstrestmysqljpa\src\test\resources
2023-05-31 16:57:00,299 [Worker-2: Loading available Gradle versions] INFO  o.e.b.c.i.u.g.PublishedGradleVersions - Gradle version information cache is up-to-date. Trying to read.
2023-05-31 16:57:08,374 [Worker-3: Building] INFO  o.e.m.c.i.embedder.EclipseLogger - Using 'UTF-8' encoding to copy filtered resources.
2023-05-31 16:57:08,378 [Worker-3: Building] INFO  o.e.m.c.i.embedder.EclipseLogger - Using 'UTF-8' encoding to copy filtered properties files.
2023-05-31 16:57:08,391 [Worker-3: Building] INFO  o.e.m.c.i.embedder.EclipseLogger - Copying 4 resources
2023-05-31 16:57:08,635 [Worker-3: Building] INFO  o.e.m.c.i.embedder.EclipseLogger - Copying 0 resource
2023-05-31 16:57:08,643 [Worker-3: Building] INFO  o.e.m.c.i.embedder.EclipseLogger - Using 'UTF-8' encoding to copy filtered resources.
2023-05-31 16:57:08,643 [Worker-3: Building] INFO  o.e.m.c.i.embedder.EclipseLogger - Using 'UTF-8' encoding to copy filtered properties files.
2023-05-31 16:57:08,644 [Worker-3: Building] INFO  o.e.m.c.i.embedder.EclipseLogger - skip non existing resourceDirectory D:\module3\mvc\Firstrestmysqljpa\src\test\resources
2023-05-31 16:57:11,161 [Worker-3: Building] WARN  o.e.m.c.i.embedder.EclipseLogger - Using platform encoding (Cp1252 actually) to copy filtered resources, i.e. build is platform dependent!
2023-05-31 16:57:11,162 [Worker-3: Building] INFO  o.e.m.c.i.embedder.EclipseLogger - Copying 0 resource
2023-05-31 16:57:11,169 [Worker-3: Building] WARN  o.e.m.c.i.embedder.EclipseLogger - Using platform encoding (Cp1252 actually) to copy filtered resources, i.e. build is platform dependent!
2023-05-31 16:57:11,172 [Worker-3: Building] INFO  o.e.m.c.i.embedder.EclipseLogger - Copying 0 resource
2023-05-31 16:57:34,439 [Worker-10: Building] INFO  o.e.m.c.i.embedder.EclipseLogger - Using 'UTF-8' encoding to copy filtered resources.
2023-05-31 16:57:34,439 [Worker-10: Building] INFO  o.e.m.c.i.embedder.EclipseLogger - Using 'UTF-8' encoding to copy filtered properties files.
2023-05-31 16:57:34,443 [Worker-10: Building] INFO  o.e.m.c.i.embedder.EclipseLogger - Copying 4 resources
2023-05-31 16:57:34,475 [Worker-10: Building] INFO  o.e.m.c.i.embedder.EclipseLogger - Copying 0 resource
2023-05-31 16:57:34,481 [Worker-10: Building] INFO  o.e.m.c.i.embedder.EclipseLogger - Using 'UTF-8' encoding to copy filtered resources.
2023-05-31 16:57:34,481 [Worker-10: Building] INFO  o.e.m.c.i.embedder.EclipseLogger - Using 'UTF-8' encoding to copy filtered properties files.
2023-05-31 16:57:34,481 [Worker-10: Building] INFO  o.e.m.c.i.embedder.EclipseLogger - skip non existing resourceDirectory D:\module3\mvc\Firstrestmysqljpa\src\test\resources
2023-05-31 16:58:38,566 [Worker-4: Building] INFO  o.e.m.c.i.embedder.EclipseLogger - Using 'UTF-8' encoding to copy filtered resources.
2023-05-31 16:58:38,566 [Worker-4: Building] INFO  o.e.m.c.i.embedder.EclipseLogger - Using 'UTF-8' encoding to copy filtered properties files.
2023-05-31 16:58:38,567 [Worker-4: Building] INFO  o.e.m.c.i.embedder.EclipseLogger - Copying 4 resources
2023-05-31 16:58:38,666 [Worker-4: Building] INFO  o.e.m.c.i.embedder.EclipseLogger - Copying 0 resource
2023-05-31 16:58:38,670 [Worker-4: Building] INFO  o.e.m.c.i.embedder.EclipseLogger - Using 'UTF-8' encoding to copy filtered resources.
2023-05-31 16:58:38,670 [Worker-4: Building] INFO  o.e.m.c.i.embedder.EclipseLogger - Using 'UTF-8' encoding to copy filtered properties files.
2023-05-31 16:58:38,670 [Worker-4: Building] INFO  o.e.m.c.i.embedder.EclipseLogger - skip non existing resourceDirectory D:\module3\mvc\Firstrestmysqljpa\src\test\resources
2023-05-31 17:17:28,013 [Worker-0: Loading available Gradle versions] INFO  o.e.b.c.i.u.g.PublishedGradleVersions - Gradle version information cache is up-to-date. Trying to read.
2023-05-31 17:18:02,273 [Worker-10: Building] INFO  o.e.m.c.i.embedder.EclipseLogger - Using 'UTF-8' encoding to copy filtered resources.
2023-05-31 17:18:02,275 [Worker-10: Building] INFO  o.e.m.c.i.embedder.EclipseLogger - Using 'UTF-8' encoding to copy filtered properties files.
2023-05-31 17:18:02,281 [Worker-10: Building] INFO  o.e.m.c.i.embedder.EclipseLogger - Copying 4 resources
2023-05-31 17:18:02,358 [Worker-10: Building] INFO  o.e.m.c.i.embedder.EclipseLogger - Copying 0 resource
2023-05-31 17:18:02,369 [Worker-10: Building] INFO  o.e.m.c.i.embedder.EclipseLogger - Using 'UTF-8' encoding to copy filtered resources.
2023-05-31 17:18:02,369 [Worker-10: Building] INFO  o.e.m.c.i.embedder.EclipseLogger - Using 'UTF-8' encoding to copy filtered properties files.
2023-05-31 17:18:02,370 [Worker-10: Building] INFO  o.e.m.c.i.embedder.EclipseLogger - skip non existing resourceDirectory D:\module3\mvc\Firstrestmysqljpa\src\test\resources
2023-05-31 17:20:08,748 [Worker-2: Building] INFO  o.e.m.c.i.embedder.EclipseLogger - Using 'UTF-8' encoding to copy filtered resources.
2023-05-31 17:20:08,749 [Worker-2: Building] INFO  o.e.m.c.i.embedder.EclipseLogger - Using 'UTF-8' encoding to copy filtered properties files.
2023-05-31 17:20:08,752 [Worker-2: Building] INFO  o.e.m.c.i.embedder.EclipseLogger - Copying 4 resources
2023-05-31 17:20:08,819 [Worker-2: Building] INFO  o.e.m.c.i.embedder.EclipseLogger - Copying 0 resource
2023-05-31 17:20:08,824 [Worker-2: Building] INFO  o.e.m.c.i.embedder.EclipseLogger - Using 'UTF-8' encoding to copy filtered resources.
2023-05-31 17:20:08,824 [Worker-2: Building] INFO  o.e.m.c.i.embedder.EclipseLogger - Using 'UTF-8' encoding to copy filtered properties files.
2023-05-31 17:20:08,824 [Worker-2: Building] INFO  o.e.m.c.i.embedder.EclipseLogger - skip non existing resourceDirectory D:\module3\mvc\Firstrestmysqljpa\src\test\resources
2023-05-31 17:21:39,891 [Worker-6: Building] INFO  o.e.m.c.i.embedder.EclipseLogger - Using 'UTF-8' encoding to copy filtered resources.
2023-05-31 17:21:39,891 [Worker-6: Building] INFO  o.e.m.c.i.embedder.EclipseLogger - Using 'UTF-8' encoding to copy filtered properties files.
2023-05-31 17:21:39,892 [Worker-6: Building] INFO  o.e.m.c.i.embedder.EclipseLogger - Copying 4 resources
2023-05-31 17:21:39,935 [Worker-6: Building] INFO  o.e.m.c.i.embedder.EclipseLogger - Copying 0 resource
2023-05-31 17:21:39,940 [Worker-6: Building] INFO  o.e.m.c.i.embedder.EclipseLogger - Using 'UTF-8' encoding to copy filtered resources.
2023-05-31 17:21:39,940 [Worker-6: Building] INFO  o.e.m.c.i.embedder.EclipseLogger - Using 'UTF-8' encoding to copy filtered properties files.
2023-05-31 17:21:39,940 [Worker-6: Building] INFO  o.e.m.c.i.embedder.EclipseLogger - skip non existing resourceDirectory D:\module3\mvc\Firstrestmysqljpa\src\test\resources
2023-05-31 17:21:40,982 [Worker-7: Building] INFO  o.e.m.c.i.embedder.EclipseLogger - Using 'UTF-8' encoding to copy filtered resources.
2023-05-31 17:21:40,983 [Worker-7: Building] INFO  o.e.m.c.i.embedder.EclipseLogger - Using 'UTF-8' encoding to copy filtered properties files.
2023-05-31 17:21:40,983 [Worker-7: Building] INFO  o.e.m.c.i.embedder.EclipseLogger - Copying 4 resources
2023-05-31 17:21:41,042 [Worker-7: Building] INFO  o.e.m.c.i.embedder.EclipseLogger - Copying 0 resource
2023-05-31 17:21:41,047 [Worker-7: Building] INFO  o.e.m.c.i.embedder.EclipseLogger - Using 'UTF-8' encoding to copy filtered resources.
2023-05-31 17:21:41,047 [Worker-7: Building] INFO  o.e.m.c.i.embedder.EclipseLogger - Using 'UTF-8' encoding to copy filtered properties files.
2023-05-31 17:21:41,047 [Worker-7: Building] INFO  o.e.m.c.i.embedder.EclipseLogger - skip non existing resourceDirectory D:\module3\mvc\Firstrestmysqljpa\src\test\resources
2023-05-31 17:21:48,813 [Worker-2: Building] INFO  o.e.m.c.i.embedder.EclipseLogger - Using 'UTF-8' encoding to copy filtered resources.
2023-05-31 17:21:48,813 [Worker-2: Building] INFO  o.e.m.c.i.embedder.EclipseLogger - Using 'UTF-8' encoding to copy filtered properties files.
2023-05-31 17:21:48,814 [Worker-2: Building] INFO  o.e.m.c.i.embedder.EclipseLogger - Copying 4 resources
2023-05-31 17:21:48,841 [Worker-2: Building] INFO  o.e.m.c.i.embedder.EclipseLogger - Copying 0 resource
2023-05-31 17:21:48,845 [Worker-2: Building] INFO  o.e.m.c.i.embedder.EclipseLogger - Using 'UTF-8' encoding to copy filtered resources.
2023-05-31 17:21:48,845 [Worker-2: Building] INFO  o.e.m.c.i.embedder.EclipseLogger - Using 'UTF-8' encoding to copy filtered properties files.
2023-05-31 17:21:48,845 [Worker-2: Building] INFO  o.e.m.c.i.embedder.EclipseLogger - skip non existing resourceDirectory D:\module3\mvc\Firstrestmysqljpa\src\test\resources
2023-05-31 17:22:29,515 [Worker-9: Building] INFO  o.e.m.c.i.embedder.EclipseLogger - Using 'UTF-8' encoding to copy filtered resources.
2023-05-31 17:22:29,515 [Worker-9: Building] INFO  o.e.m.c.i.embedder.EclipseLogger - Using 'UTF-8' encoding to copy filtered properties files.
2023-05-31 17:22:29,516 [Worker-9: Building] INFO  o.e.m.c.i.embedder.EclipseLogger - Copying 4 resources
2023-05-31 17:22:29,544 [Worker-9: Building] INFO  o.e.m.c.i.embedder.EclipseLogger - Copying 0 resource
2023-05-31 17:22:29,554 [Worker-9: Building] INFO  o.e.m.c.i.embedder.EclipseLogger - Using 'UTF-8' encoding to copy filtered resources.
2023-05-31 17:22:29,554 [Worker-9: Building] INFO  o.e.m.c.i.embedder.EclipseLogger - Using 'UTF-8' encoding to copy filtered properties files.
2023-05-31 17:22:29,554 [Worker-9: Building] INFO  o.e.m.c.i.embedder.EclipseLogger - skip non existing resourceDirectory D:\module3\mvc\Firstrestmysqljpa\src\test\resources
2023-05-31 17:22:45,554 [Worker-9: Launching Executing install in D__module3_mvc_Firstrestmysqljpa] INFO  o.eclipse.m2e.core.internal.Bundles - getClasspathEntries(Bundle=org.eclipse.m2e.maven.runtime_3.8.604.20221130-2149 [267])
2023-05-31 17:22:45,564 [Worker-9: Launching Executing install in D__module3_mvc_Firstrestmysqljpa] INFO  o.eclipse.m2e.core.internal.Bundles - 	Entry: C:\Users\Administrator\.p2\pool\plugins\org.eclipse.m2e.maven.runtime_3.8.604.20221130-2149
2023-05-31 17:22:45,564 [Worker-9: Launching Executing install in D__module3_mvc_Firstrestmysqljpa] INFO  o.eclipse.m2e.core.internal.Bundles - 	Entry: C:\Users\Administrator\.p2\pool\plugins\org.eclipse.m2e.maven.runtime_3.8.604.20221130-2149\jars\aether-connector-okhttp-0.17.8.jar
2023-05-31 17:22:45,564 [Worker-9: Launching Executing install in D__module3_mvc_Firstrestmysqljpa] INFO  o.eclipse.m2e.core.internal.Bundles - 	Entry: C:\Users\Administrator\.p2\pool\plugins\org.eclipse.m2e.maven.runtime_3.8.604.20221130-2149\jars\commons-cli-1.4.jar
2023-05-31 17:22:45,564 [Worker-9: Launching Executing install in D__module3_mvc_Firstrestmysqljpa] INFO  o.eclipse.m2e.core.internal.Bundles - 	Entry: C:\Users\Administrator\.p2\pool\plugins\org.eclipse.m2e.maven.runtime_3.8.604.20221130-2149\jars\commons-io-2.6.jar
2023-05-31 17:22:45,565 [Worker-9: Launching Executing install in D__module3_mvc_Firstrestmysqljpa] INFO  o.eclipse.m2e.core.internal.Bundles - 	Entry: C:\Users\Administrator\.p2\pool\plugins\org.eclipse.m2e.maven.runtime_3.8.604.20221130-2149\jars\commons-lang3-3.8.1.jar
2023-05-31 17:22:45,565 [Worker-9: Launching Executing install in D__module3_mvc_Firstrestmysqljpa] INFO  o.eclipse.m2e.core.internal.Bundles - 	Entry: C:\Users\Administrator\.p2\pool\plugins\org.eclipse.m2e.maven.runtime_3.8.604.20221130-2149\jars\guice-4.2.2-no_aop.jar
2023-05-31 17:22:45,565 [Worker-9: Launching Executing install in D__module3_mvc_Firstrestmysqljpa] INFO  o.eclipse.m2e.core.internal.Bundles - 	Entry: C:\Users\Administrator\.p2\pool\plugins\org.eclipse.m2e.maven.runtime_3.8.604.20221130-2149\jars\jansi-2.4.0.jar
2023-05-31 17:22:45,565 [Worker-9: Launching Executing install in D__module3_mvc_Firstrestmysqljpa] INFO  o.eclipse.m2e.core.internal.Bundles - 	Entry: C:\Users\Administrator\.p2\pool\plugins\org.eclipse.m2e.maven.runtime_3.8.604.20221130-2149\jars\maven-artifact-3.8.6.jar
2023-05-31 17:22:45,566 [Worker-9: Launching Executing install in D__module3_mvc_Firstrestmysqljpa] INFO  o.eclipse.m2e.core.internal.Bundles - 	Entry: C:\Users\Administrator\.p2\pool\plugins\org.eclipse.m2e.maven.runtime_3.8.604.20221130-2149\jars\maven-builder-support-3.8.6.jar
2023-05-31 17:22:45,566 [Worker-9: Launching Executing install in D__module3_mvc_Firstrestmysqljpa] INFO  o.eclipse.m2e.core.internal.Bundles - 	Entry: C:\Users\Administrator\.p2\pool\plugins\org.eclipse.m2e.maven.runtime_3.8.604.20221130-2149\jars\maven-compat-3.8.6.jar
2023-05-31 17:22:45,566 [Worker-9: Launching Executing install in D__module3_mvc_Firstrestmysqljpa] INFO  o.eclipse.m2e.core.internal.Bundles - 	Entry: C:\Users\Administrator\.p2\pool\plugins\org.eclipse.m2e.maven.runtime_3.8.604.20221130-2149\jars\maven-core-3.8.6.jar
2023-05-31 17:22:45,566 [Worker-9: Launching Executing install in D__module3_mvc_Firstrestmysqljpa] INFO  o.eclipse.m2e.core.internal.Bundles - 	Entry: C:\Users\Administrator\.p2\pool\plugins\org.eclipse.m2e.maven.runtime_3.8.604.20221130-2149\jars\maven-embedder-3.8.6.jar
2023-05-31 17:22:45,567 [Worker-9: Launching Executing install in D__module3_mvc_Firstrestmysqljpa] INFO  o.eclipse.m2e.core.internal.Bundles - 	Entry: C:\Users\Administrator\.p2\pool\plugins\org.eclipse.m2e.maven.runtime_3.8.604.20221130-2149\jars\maven-model-3.8.6.jar
2023-05-31 17:22:45,567 [Worker-9: Launching Executing install in D__module3_mvc_Firstrestmysqljpa] INFO  o.eclipse.m2e.core.internal.Bundles - 	Entry: C:\Users\Administrator\.p2\pool\plugins\org.eclipse.m2e.maven.runtime_3.8.604.20221130-2149\jars\maven-model-builder-3.8.6.jar
2023-05-31 17:22:45,567 [Worker-9: Launching Executing install in D__module3_mvc_Firstrestmysqljpa] INFO  o.eclipse.m2e.core.internal.Bundles - 	Entry: C:\Users\Administrator\.p2\pool\plugins\org.eclipse.m2e.maven.runtime_3.8.604.20221130-2149\jars\maven-plugin-api-3.8.6.jar
2023-05-31 17:22:45,567 [Worker-9: Launching Executing install in D__module3_mvc_Firstrestmysqljpa] INFO  o.eclipse.m2e.core.internal.Bundles - 	Entry: C:\Users\Administrator\.p2\pool\plugins\org.eclipse.m2e.maven.runtime_3.8.604.20221130-2149\jars\maven-repository-metadata-3.8.6.jar
2023-05-31 17:22:45,567 [Worker-9: Launching Executing install in D__module3_mvc_Firstrestmysqljpa] INFO  o.eclipse.m2e.core.internal.Bundles - 	Entry: C:\Users\Administrator\.p2\pool\plugins\org.eclipse.m2e.maven.runtime_3.8.604.20221130-2149\jars\maven-resolver-api-1.6.3.jar
2023-05-31 17:22:45,568 [Worker-9: Launching Executing install in D__module3_mvc_Firstrestmysqljpa] INFO  o.eclipse.m2e.core.internal.Bundles - 	Entry: C:\Users\Administrator\.p2\pool\plugins\org.eclipse.m2e.maven.runtime_3.8.604.20221130-2149\jars\maven-resolver-connector-basic-1.6.3.jar
2023-05-31 17:22:45,568 [Worker-9: Launching Executing install in D__module3_mvc_Firstrestmysqljpa] INFO  o.eclipse.m2e.core.internal.Bundles - 	Entry: C:\Users\Administrator\.p2\pool\plugins\org.eclipse.m2e.maven.runtime_3.8.604.20221130-2149\jars\maven-resolver-impl-1.6.3.jar
2023-05-31 17:22:45,568 [Worker-9: Launching Executing install in D__module3_mvc_Firstrestmysqljpa] INFO  o.eclipse.m2e.core.internal.Bundles - 	Entry: C:\Users\Administrator\.p2\pool\plugins\org.eclipse.m2e.maven.runtime_3.8.604.20221130-2149\jars\maven-resolver-provider-3.8.6.jar
2023-05-31 17:22:45,568 [Worker-9: Launching Executing install in D__module3_mvc_Firstrestmysqljpa] INFO  o.eclipse.m2e.core.internal.Bundles - 	Entry: C:\Users\Administrator\.p2\pool\plugins\org.eclipse.m2e.maven.runtime_3.8.604.20221130-2149\jars\maven-resolver-spi-1.6.3.jar
2023-05-31 17:22:45,568 [Worker-9: Launching Executing install in D__module3_mvc_Firstrestmysqljpa] INFO  o.eclipse.m2e.core.internal.Bundles - 	Entry: C:\Users\Administrator\.p2\pool\plugins\org.eclipse.m2e.maven.runtime_3.8.604.20221130-2149\jars\maven-resolver-transport-wagon-1.6.3.jar
2023-05-31 17:22:45,569 [Worker-9: Launching Executing install in D__module3_mvc_Firstrestmysqljpa] INFO  o.eclipse.m2e.core.internal.Bundles - 	Entry: C:\Users\Administrator\.p2\pool\plugins\org.eclipse.m2e.maven.runtime_3.8.604.20221130-2149\jars\maven-resolver-util-1.6.3.jar
2023-05-31 17:22:45,569 [Worker-9: Launching Executing install in D__module3_mvc_Firstrestmysqljpa] INFO  o.eclipse.m2e.core.internal.Bundles - 	Entry: C:\Users\Administrator\.p2\pool\plugins\org.eclipse.m2e.maven.runtime_3.8.604.20221130-2149\jars\maven-settings-3.8.6.jar
2023-05-31 17:22:45,569 [Worker-9: Launching Executing install in D__module3_mvc_Firstrestmysqljpa] INFO  o.eclipse.m2e.core.internal.Bundles - 	Entry: C:\Users\Administrator\.p2\pool\plugins\org.eclipse.m2e.maven.runtime_3.8.604.20221130-2149\jars\maven-settings-builder-3.8.6.jar
2023-05-31 17:22:45,569 [Worker-9: Launching Executing install in D__module3_mvc_Firstrestmysqljpa] INFO  o.eclipse.m2e.core.internal.Bundles - 	Entry: C:\Users\Administrator\.p2\pool\plugins\org.eclipse.m2e.maven.runtime_3.8.604.20221130-2149\jars\maven-shared-utils-3.3.4.jar
2023-05-31 17:22:45,569 [Worker-9: Launching Executing install in D__module3_mvc_Firstrestmysqljpa] INFO  o.eclipse.m2e.core.internal.Bundles - 	Entry: C:\Users\Administrator\.p2\pool\plugins\org.eclipse.m2e.maven.runtime_3.8.604.20221130-2149\jars\okhttp-3.14.1.jar
2023-05-31 17:22:45,570 [Worker-9: Launching Executing install in D__module3_mvc_Firstrestmysqljpa] INFO  o.eclipse.m2e.core.internal.Bundles - 	Entry: C:\Users\Administrator\.p2\pool\plugins\org.eclipse.m2e.maven.runtime_3.8.604.20221130-2149\jars\okio-1.17.3.jar
2023-05-31 17:22:45,570 [Worker-9: Launching Executing install in D__module3_mvc_Firstrestmysqljpa] INFO  o.eclipse.m2e.core.internal.Bundles - 	Entry: C:\Users\Administrator\.p2\pool\plugins\org.eclipse.m2e.maven.runtime_3.8.604.20221130-2149\jars\org.eclipse.sisu.inject-0.3.5.jar
2023-05-31 17:22:45,570 [Worker-9: Launching Executing install in D__module3_mvc_Firstrestmysqljpa] INFO  o.eclipse.m2e.core.internal.Bundles - 	Entry: C:\Users\Administrator\.p2\pool\plugins\org.eclipse.m2e.maven.runtime_3.8.604.20221130-2149\jars\org.eclipse.sisu.plexus-0.3.5.jar
2023-05-31 17:22:45,570 [Worker-9: Launching Executing install in D__module3_mvc_Firstrestmysqljpa] INFO  o.eclipse.m2e.core.internal.Bundles - 	Entry: C:\Users\Administrator\.p2\pool\plugins\org.eclipse.m2e.maven.runtime_3.8.604.20221130-2149\jars\plexus-build-api-0.0.7.jar
2023-05-31 17:22:45,570 [Worker-9: Launching Executing install in D__module3_mvc_Firstrestmysqljpa] INFO  o.eclipse.m2e.core.internal.Bundles - 	Entry: C:\Users\Administrator\.p2\pool\plugins\org.eclipse.m2e.maven.runtime_3.8.604.20221130-2149\jars\plexus-cipher-2.0.jar
2023-05-31 17:22:45,570 [Worker-9: Launching Executing install in D__module3_mvc_Firstrestmysqljpa] INFO  o.eclipse.m2e.core.internal.Bundles - 	Entry: C:\Users\Administrator\.p2\pool\plugins\org.eclipse.m2e.maven.runtime_3.8.604.20221130-2149\jars\plexus-classworlds-2.6.0.jar
2023-05-31 17:22:45,570 [Worker-9: Launching Executing install in D__module3_mvc_Firstrestmysqljpa] INFO  o.eclipse.m2e.core.internal.Bundles - 	Entry: C:\Users\Administrator\.p2\pool\plugins\org.eclipse.m2e.maven.runtime_3.8.604.20221130-2149\jars\plexus-component-annotations-2.1.0.jar
2023-05-31 17:22:45,571 [Worker-9: Launching Executing install in D__module3_mvc_Firstrestmysqljpa] INFO  o.eclipse.m2e.core.internal.Bundles - 	Entry: C:\Users\Administrator\.p2\pool\plugins\org.eclipse.m2e.maven.runtime_3.8.604.20221130-2149\jars\plexus-interpolation-1.26.jar
2023-05-31 17:22:45,571 [Worker-9: Launching Executing install in D__module3_mvc_Firstrestmysqljpa] INFO  o.eclipse.m2e.core.internal.Bundles - 	Entry: C:\Users\Administrator\.p2\pool\plugins\org.eclipse.m2e.maven.runtime_3.8.604.20221130-2149\jars\plexus-sec-dispatcher-2.0.jar
2023-05-31 17:22:45,571 [Worker-9: Launching Executing install in D__module3_mvc_Firstrestmysqljpa] INFO  o.eclipse.m2e.core.internal.Bundles - 	Entry: C:\Users\Administrator\.p2\pool\plugins\org.eclipse.m2e.maven.runtime_3.8.604.20221130-2149\jars\plexus-utils-3.3.1.jar
2023-05-31 17:22:45,571 [Worker-9: Launching Executing install in D__module3_mvc_Firstrestmysqljpa] INFO  o.eclipse.m2e.core.internal.Bundles - 	Entry: C:\Users\Administrator\.p2\pool\plugins\org.eclipse.m2e.maven.runtime_3.8.604.20221130-2149\jars\wagon-file-3.5.1.jar
2023-05-31 17:22:45,571 [Worker-9: Launching Executing install in D__module3_mvc_Firstrestmysqljpa] INFO  o.eclipse.m2e.core.internal.Bundles - 	Entry: C:\Users\Administrator\.p2\pool\plugins\org.eclipse.m2e.maven.runtime_3.8.604.20221130-2149\jars\wagon-provider-api-3.5.1.jar
2023-05-31 17:22:45,573 [Worker-9: Launching Executing install in D__module3_mvc_Firstrestmysqljpa] INFO  o.eclipse.m2e.core.internal.Bundles - getClasspathEntries(Bundle=com.google.guava_30.1.0.v20221112-0806 [8])
2023-05-31 17:22:45,578 [Worker-9: Launching Executing install in D__module3_mvc_Firstrestmysqljpa] INFO  o.eclipse.m2e.core.internal.Bundles - 	Entry: C:\Users\Administrator\.p2\pool\plugins\com.google.guava_30.1.0.v20221112-0806.jar
2023-05-31 17:22:45,578 [Worker-9: Launching Executing install in D__module3_mvc_Firstrestmysqljpa] INFO  o.eclipse.m2e.core.internal.Bundles - getClasspathEntries(Bundle=slf4j.api_1.7.36 [431])
2023-05-31 17:22:45,579 [Worker-9: Launching Executing install in D__module3_mvc_Firstrestmysqljpa] INFO  o.eclipse.m2e.core.internal.Bundles - 	Entry: C:\Users\Administrator\.p2\pool\plugins\slf4j.api_1.7.36.jar
2023-05-31 17:22:45,579 [Worker-9: Launching Executing install in D__module3_mvc_Firstrestmysqljpa] INFO  o.eclipse.m2e.core.internal.Bundles - getClasspathEntries(Bundle=javax.inject_1.0.0.v20220405-0441 [18])
2023-05-31 17:22:45,582 [Worker-9: Launching Executing install in D__module3_mvc_Firstrestmysqljpa] INFO  o.eclipse.m2e.core.internal.Bundles - 	Entry: C:\Users\Administrator\.p2\pool\plugins\javax.inject_1.0.0.v20220405-0441.jar
2023-05-31 17:22:45,582 [Worker-9: Launching Executing install in D__module3_mvc_Firstrestmysqljpa] INFO  o.eclipse.m2e.core.internal.Bundles - getClasspathEntries(Bundle=javax.annotation_1.3.5.v20221112-0806 [16])
2023-05-31 17:22:45,585 [Worker-9: Launching Executing install in D__module3_mvc_Firstrestmysqljpa] INFO  o.eclipse.m2e.core.internal.Bundles - 	Entry: C:\Users\Administrator\.p2\pool\plugins\javax.annotation_1.3.5.v20221112-0806.jar
2023-05-31 17:22:45,588 [Worker-9: Launching Executing install in D__module3_mvc_Firstrestmysqljpa] INFO  o.e.m.i.launch.MavenLaunchDelegate - Run build in "D:\module3\mvc\Firstrestmysqljpa":
2023-05-31 17:22:45,592 [Worker-9: Launching Executing install in D__module3_mvc_Firstrestmysqljpa] INFO  o.e.m.i.launch.MavenLaunchDelegate -  mvn  -Ppom.xml -B -Dstyle.color=always install
2023-05-31 17:22:59,044 [Worker-12: Building] INFO  o.e.m.c.i.embedder.EclipseLogger - Using 'UTF-8' encoding to copy filtered resources.
2023-05-31 17:22:59,044 [Worker-12: Building] INFO  o.e.m.c.i.embedder.EclipseLogger - Using 'UTF-8' encoding to copy filtered properties files.
2023-05-31 17:22:59,045 [Worker-12: Building] INFO  o.e.m.c.i.embedder.EclipseLogger - Copying 4 resources
2023-05-31 17:22:59,094 [Worker-12: Building] INFO  o.e.m.c.i.embedder.EclipseLogger - Copying 0 resource
2023-05-31 17:22:59,098 [Worker-12: Building] INFO  o.e.m.c.i.embedder.EclipseLogger - Using 'UTF-8' encoding to copy filtered resources.
2023-05-31 17:22:59,098 [Worker-12: Building] INFO  o.e.m.c.i.embedder.EclipseLogger - Using 'UTF-8' encoding to copy filtered properties files.
2023-05-31 17:22:59,098 [Worker-12: Building] INFO  o.e.m.c.i.embedder.EclipseLogger - skip non existing resourceDirectory D:\module3\mvc\Firstrestmysqljpa\src\test\resources
2023-05-31 17:25:27,249 [Worker-10: Launching Executing install in D__module3_mvc_Firstrestmysqljpa] INFO  o.e.m.i.launch.MavenLaunchDelegate - Run build in "D:\module3\mvc\Firstrestmysqljpa":
2023-05-31 17:25:27,250 [Worker-10: Launching Executing install in D__module3_mvc_Firstrestmysqljpa] INFO  o.e.m.i.launch.MavenLaunchDelegate -  mvn  -Ppom.xml -B -Dstyle.color=always install
2023-05-31 17:25:40,400 [Worker-10: Building] INFO  o.e.m.c.i.embedder.EclipseLogger - Using 'UTF-8' encoding to copy filtered resources.
2023-05-31 17:25:40,400 [Worker-10: Building] INFO  o.e.m.c.i.embedder.EclipseLogger - Using 'UTF-8' encoding to copy filtered properties files.
2023-05-31 17:25:40,400 [Worker-10: Building] INFO  o.e.m.c.i.embedder.EclipseLogger - Copying 0 resource
2023-05-31 17:25:40,400 [Worker-10: Building] INFO  o.e.m.c.i.embedder.EclipseLogger - Copying 0 resource
2023-05-31 17:25:40,406 [Worker-10: Building] INFO  o.e.m.c.i.embedder.EclipseLogger - Using 'UTF-8' encoding to copy filtered resources.
2023-05-31 17:25:40,406 [Worker-10: Building] INFO  o.e.m.c.i.embedder.EclipseLogger - Using 'UTF-8' encoding to copy filtered properties files.
2023-05-31 17:25:40,406 [Worker-10: Building] INFO  o.e.m.c.i.embedder.EclipseLogger - skip non existing resourceDirectory D:\module3\mvc\Firstrestmysqljpa\src\test\resources
2023-05-31 17:25:55,122 [Worker-10: Launching Executing clean in D__module3_mvc_Firstrestmysqljpa] INFO  o.e.m.i.launch.MavenLaunchDelegate - Run build in "D:\module3\mvc\Firstrestmysqljpa":
2023-05-31 17:25:55,122 [Worker-10: Launching Executing clean in D__module3_mvc_Firstrestmysqljpa] INFO  o.e.m.i.launch.MavenLaunchDelegate -  mvn  -Ppom.xml -B -Dstyle.color=always clean
2023-05-31 17:25:58,054 [Worker-16: Building] INFO  o.e.m.c.i.embedder.EclipseLogger - Using 'UTF-8' encoding to copy filtered resources.
2023-05-31 17:25:58,055 [Worker-16: Building] INFO  o.e.m.c.i.embedder.EclipseLogger - Using 'UTF-8' encoding to copy filtered properties files.
2023-05-31 17:25:58,055 [Worker-16: Building] INFO  o.e.m.c.i.embedder.EclipseLogger - Copying 4 resources
2023-05-31 17:25:58,061 [Worker-16: Building] INFO  o.e.m.c.i.embedder.EclipseLogger - Copying 0 resource
2023-05-31 17:25:58,064 [Worker-16: Building] INFO  o.e.m.c.i.embedder.EclipseLogger - Using 'UTF-8' encoding to copy filtered resources.
2023-05-31 17:25:58,064 [Worker-16: Building] INFO  o.e.m.c.i.embedder.EclipseLogger - Using 'UTF-8' encoding to copy filtered properties files.
2023-05-31 17:25:58,064 [Worker-16: Building] INFO  o.e.m.c.i.embedder.EclipseLogger - skip non existing resourceDirectory D:\module3\mvc\Firstrestmysqljpa\src\test\resources
2023-05-31 17:26:17,424 [Worker-16: Updating Maven Project] INFO  o.e.m.c.i.p.ProjectConfigurationManager - Update started
2023-05-31 17:26:18,218 [Worker-16: Updating Maven Project] INFO  o.e.m.c.i.l.LifecycleMappingFactory - Using org.eclipse.m2e.jdt.JarLifecycleMapping lifecycle mapping for MavenProject: com.ust.rest:rest-app:0.0.1-SNAPSHOT @ D:\module3\mvc\Firstrestmysqljpa\pom.xml.
2023-05-31 17:26:19,156 [Worker-16: Updating Maven Project] INFO  o.e.m.j.i.AbstractJavaProjectConfigurator - Adding source folder /Firstrestmysqljpa/src/main/java
2023-05-31 17:26:19,156 [Worker-16: Updating Maven Project] INFO  o.e.m.j.i.AbstractJavaProjectConfigurator - Adding resource folder /Firstrestmysqljpa/src/main/resources
2023-05-31 17:26:19,157 [Worker-16: Updating Maven Project] INFO  o.e.m.j.i.AbstractJavaProjectConfigurator - Adding resource folder /Firstrestmysqljpa/src/main/resources
2023-05-31 17:26:19,158 [Worker-16: Updating Maven Project] INFO  o.e.m.j.i.AbstractJavaProjectConfigurator - Adding source folder /Firstrestmysqljpa/src/test/java
2023-05-31 17:26:19,770 [Worker-16: Updating Maven Project] INFO  o.e.m.c.i.p.ProjectConfigurationManager - Update completed for 1 poms: local refresh takes 0.00 sec, refresh facades takes 1.00 sec, update config takes 0.00 sec 
2023-05-31 17:26:27,222 [Worker-10: Launching Executing install in D__module3_mvc_Firstrestmysqljpa] INFO  o.e.m.i.launch.MavenLaunchDelegate - Run build in "D:\module3\mvc\Firstrestmysqljpa":
2023-05-31 17:26:27,222 [Worker-10: Launching Executing install in D__module3_mvc_Firstrestmysqljpa] INFO  o.e.m.i.launch.MavenLaunchDelegate -  mvn  -Ppom.xml -B -Dstyle.color=always install
2023-05-31 17:28:52,945 [Worker-10: Launching Executing install in D__module3_mvc_Firstrestmysqljpa] INFO  o.e.m.i.launch.MavenLaunchDelegate - Run build in "D:\module3\mvc\Firstrestmysqljpa":
2023-05-31 17:28:52,946 [Worker-10: Launching Executing install in D__module3_mvc_Firstrestmysqljpa] INFO  o.e.m.i.launch.MavenLaunchDelegate -  mvn  -Ppom.xml -B -Dstyle.color=always install
